<?xml version="1.0" encoding="UTF-8"?>
<!-- Generated by org.testng.reporters.JUnitReportReporter -->
<testsuite hostname="gazmeeva-s" name="com.example.tests.GroupeCreationTests" tests="2" failures="0" timestamp="26 Jan 2015 07:48:38 GMT" time="8.544" errors="0">
  <testcase name="testGroupCreationwithValidData" time="5.430" classname="com.example.tests.GroupeCreationTests"/>
  <testcase name="testGroupCreationwithValidData" time="3.114" classname="com.example.tests.GroupeCreationTests"/>
</testsuite> <!-- com.example.tests.GroupeCreationTests -->
