<?xml version="1.0" encoding="UTF-8"?>
<!-- Generated by org.testng.reporters.JUnitReportReporter -->
<testsuite hostname="gazmeeva-s" name="com.example.tests.AddressModifyTest" tests="2" failures="0" timestamp="26 Jan 2015 07:48:37 GMT" time="46.293" errors="0">
  <testcase name="modifyAddress" time="26.471" classname="com.example.tests.AddressModifyTest"/>
  <testcase name="modifyAddress" time="19.822" classname="com.example.tests.AddressModifyTest"/>
</testsuite> <!-- com.example.tests.AddressModifyTest -->
