<?xml version="1.0" encoding="UTF-8"?>
<!-- Generated by org.testng.reporters.JUnitReportReporter -->
<testsuite hostname="gazmeeva-s" name="com.example.tests.GroupeCreationTests" tests="5" failures="0" timestamp="25 Dec 2014 06:41:40 GMT" time="18.592" errors="0">
  <testcase name="testGroupCreationwithValidData" time="3.748" classname="com.example.tests.GroupeCreationTests"/>
  <testcase name="testGroupCreationwithValidData" time="3.332" classname="com.example.tests.GroupeCreationTests"/>
  <testcase name="testGroupCreationwithValidData" time="4.161" classname="com.example.tests.GroupeCreationTests"/>
  <testcase name="testGroupCreationwithValidData" time="3.699" classname="com.example.tests.GroupeCreationTests"/>
  <testcase name="testGroupCreationwithValidData" time="3.652" classname="com.example.tests.GroupeCreationTests"/>
</testsuite> <!-- com.example.tests.GroupeCreationTests -->
