<?xml version="1.0" encoding="UTF-8"?>
<!-- Generated by org.testng.reporters.JUnitReportReporter -->
<testsuite hostname="gazmeeva-s" name="com.example.tests.GroupeCreationTests" tests="2" failures="0" timestamp="16 Dec 2014 13:38:53 GMT" time="4.198" errors="0">
  <testcase name="testNonEmptyGroupCreation" time="2.033" classname="com.example.tests.GroupeCreationTests"/>
  <testcase name="testEmptyGroupCreation" time="2.165" classname="com.example.tests.GroupeCreationTests"/>
</testsuite> <!-- com.example.tests.GroupeCreationTests -->
