<?xml version="1.0" encoding="UTF-8"?>
<!-- Generated by org.testng.reporters.JUnitReportReporter -->
<testsuite hostname="gazmeeva-s" name="com.example.tests.AddressModifyTest" tests="5" failures="0" timestamp="12 Jan 2015 13:21:42 GMT" time="120.422" errors="0">
  <testcase name="modifyAddress" time="25.596" classname="com.example.tests.AddressModifyTest"/>
  <testcase name="modifyAddress" time="22.810" classname="com.example.tests.AddressModifyTest"/>
  <testcase name="modifyAddress" time="24.600" classname="com.example.tests.AddressModifyTest"/>
  <testcase name="modifyAddress" time="23.253" classname="com.example.tests.AddressModifyTest"/>
  <testcase name="modifyAddress" time="24.163" classname="com.example.tests.AddressModifyTest"/>
</testsuite> <!-- com.example.tests.AddressModifyTest -->
