<?xml version="1.0" encoding="UTF-8"?>
<!-- Generated by org.testng.reporters.JUnitReportReporter -->
<testsuite hostname="gazmeeva-s" name="com.example.tests.GroupeMidifyTest" tests="2" failures="0" timestamp="28 Jan 2015 09:46:09 GMT" time="7.135" errors="0">
  <testcase name="modifyGroup" time="3.594" classname="com.example.tests.GroupeMidifyTest"/>
  <testcase name="modifyGroup" time="3.541" classname="com.example.tests.GroupeMidifyTest"/>
</testsuite> <!-- com.example.tests.GroupeMidifyTest -->
