<?xml version="1.0" encoding="UTF-8"?>
<!-- Generated by org.testng.reporters.JUnitReportReporter -->
<testsuite hostname="gazmeeva-s" name="com.example.tests.GroupeRemoveTest" tests="2" failures="0" timestamp="12 Jan 2015 12:24:16 GMT" time="8.488" errors="0">
  <testcase name="deleteGroup" time="4.303" classname="com.example.tests.GroupeRemoveTest"/>
  <testcase name="deleteGroup" time="4.185" classname="com.example.tests.GroupeRemoveTest"/>
</testsuite> <!-- com.example.tests.GroupeRemoveTest -->
