<?xml version="1.0" encoding="UTF-8"?>
<!-- Generated by org.testng.reporters.JUnitReportReporter -->
<testsuite hostname="gazmeeva-s" name="com.example.tests.GroupeRemoveTest" tests="2" failures="0" timestamp="26 Jan 2015 07:48:37 GMT" time="4.597" errors="0">
  <testcase name="deleteGroup" time="2.272" classname="com.example.tests.GroupeRemoveTest"/>
  <testcase name="deleteGroup" time="2.325" classname="com.example.tests.GroupeRemoveTest"/>
</testsuite> <!-- com.example.tests.GroupeRemoveTest -->
