<?xml version="1.0" encoding="UTF-8"?>
<!-- Generated by org.testng.reporters.JUnitReportReporter -->
<testsuite hostname="gazmeeva-s" name="com.example.tests.AddressRemoveTest" tests="2" failures="0" timestamp="12 Jan 2015 12:24:16 GMT" time="43.813" errors="0">
  <testcase name="deleteAddress" time="21.777" classname="com.example.tests.AddressRemoveTest"/>
  <testcase name="deleteAddress" time="22.036" classname="com.example.tests.AddressRemoveTest"/>
</testsuite> <!-- com.example.tests.AddressRemoveTest -->
