<?xml version="1.0" encoding="UTF-8"?>
<!-- Generated by org.testng.reporters.JUnitReportReporter -->
<testsuite hostname="gazmeeva-s" name="com.example.tests.GroupeMidifyTest" tests="2" failures="0" timestamp="3 Feb 2015 12:40:35 GMT" time="10.777" errors="0">
  <testcase name="modifyGroup" time="4.925" classname="com.example.tests.GroupeMidifyTest"/>
  <testcase name="modifyGroup" time="5.852" classname="com.example.tests.GroupeMidifyTest"/>
</testsuite> <!-- com.example.tests.GroupeMidifyTest -->
