<?xml version="1.0" encoding="UTF-8"?>
<!-- Generated by org.testng.reporters.JUnitReportReporter -->
<testsuite hostname="gazmeeva-s" name="com.example.tests.AddressCreateTest" tests="2" failures="0" timestamp="28 Jan 2015 09:46:08 GMT" time="72.965" errors="0">
  <testcase name="testAddressCreationwithValidData" time="51.758" classname="com.example.tests.AddressCreateTest"/>
  <testcase name="testAddressCreationwithValidData" time="21.207" classname="com.example.tests.AddressCreateTest"/>
</testsuite> <!-- com.example.tests.AddressCreateTest -->
