<?xml version="1.0" encoding="UTF-8"?>
<!-- Generated by org.testng.reporters.JUnitReportReporter -->
<testsuite hostname="gazmeeva-s" name="com.example.tests.GroupeRemoveTest" tests="3" failures="0" timestamp="12 Jan 2015 13:21:42 GMT" time="12.552" errors="0">
  <testcase name="deleteGroup" time="4.031" classname="com.example.tests.GroupeRemoveTest"/>
  <testcase name="deleteGroup" time="4.230" classname="com.example.tests.GroupeRemoveTest"/>
  <testcase name="deleteGroup" time="4.291" classname="com.example.tests.GroupeRemoveTest"/>
</testsuite> <!-- com.example.tests.GroupeRemoveTest -->
