<?xml version="1.0" encoding="UTF-8"?>
<!-- Generated by org.testng.reporters.JUnitReportReporter -->
<testsuite hostname="gazmeeva-s" name="com.example.tests.AddressModifyTest" tests="1" failures="0" timestamp="24 Dec 2014 12:06:09 GMT" time="1.761" errors="0">
  <testcase name="modifyAddress" time="1.761" classname="com.example.tests.AddressModifyTest"/>
</testsuite> <!-- com.example.tests.AddressModifyTest -->
