<?xml version="1.0" encoding="UTF-8"?>
<!-- Generated by org.testng.reporters.JUnitReportReporter -->
<testsuite hostname="gazmeeva-s" name="com.example.tests.AddressModifyTest" tests="2" failures="0" timestamp="12 Jan 2015 12:24:16 GMT" time="52.948" errors="0">
  <testcase name="modifyAddress" time="25.573" classname="com.example.tests.AddressModifyTest"/>
  <testcase name="modifyAddress" time="27.375" classname="com.example.tests.AddressModifyTest"/>
</testsuite> <!-- com.example.tests.AddressModifyTest -->
