<?xml version="1.0" encoding="UTF-8"?>
<!-- Generated by org.testng.reporters.JUnitReportReporter -->
<testsuite hostname="gazmeeva-s" name="com.example.tests.AddressCreateTest" tests="2" failures="0" timestamp="30 Jan 2015 09:51:33 GMT" time="73.374" errors="0">
  <testcase name="testAddressCreationwithValidData" time="50.599" classname="com.example.tests.AddressCreateTest"/>
  <testcase name="testAddressCreationwithValidData" time="22.775" classname="com.example.tests.AddressCreateTest"/>
</testsuite> <!-- com.example.tests.AddressCreateTest -->
