<?xml version="1.0" encoding="UTF-8"?>
<!-- Generated by org.testng.reporters.JUnitReportReporter -->
<testsuite hostname="Kolosov-PC" name="com.example.tests.GroupeMidifyTest" tests="1" failures="0" timestamp="3 Jan 2015 14:08:18 GMT" time="5.915" errors="0">
  <testcase name="modifyGroup" time="5.915" classname="com.example.tests.GroupeMidifyTest"/>
</testsuite> <!-- com.example.tests.GroupeMidifyTest -->
