<?xml version="1.0" encoding="UTF-8"?>
<!-- Generated by org.testng.reporters.JUnitReportReporter -->
<testsuite hostname="gazmeeva-s" name="com.example.tests.GroupeMidifyTest" tests="5" failures="0" timestamp="25 Dec 2014 07:35:35 GMT" time="26.172" errors="0">
  <testcase name="modifyGroup" time="3.841" classname="com.example.tests.GroupeMidifyTest"/>
  <testcase name="modifyGroup" time="8.051" classname="com.example.tests.GroupeMidifyTest"/>
  <testcase name="modifyGroup" time="5.034" classname="com.example.tests.GroupeMidifyTest"/>
  <testcase name="modifyGroup" time="5.039" classname="com.example.tests.GroupeMidifyTest"/>
  <testcase name="modifyGroup" time="4.207" classname="com.example.tests.GroupeMidifyTest"/>
</testsuite> <!-- com.example.tests.GroupeMidifyTest -->
