<?xml version="1.0" encoding="UTF-8"?>
<!-- Generated by org.testng.reporters.JUnitReportReporter -->
<testsuite hostname="gazmeeva-s" name="com.example.tests.AddressRemoveTest" tests="2" failures="1" timestamp="12 Jan 2015 13:52:30 GMT" time="2.522" errors="1">
  <testcase name="deleteAddress" time="2.521" classname="com.example.tests.AddressRemoveTest">
    <error type="java.lang.AssertionError" message="
Expected: &lt;[AddressDate [lastname= ,fname= ,  address=null, home=, mobile=null, work=null, email= , email2=null, bday=null, bmonth=null, byear=null, groupdate=null, address2=null, phone2=null], AddressDate [lastname= ,fname= ,  address=null, home=, mobile=null, work=null, email= , email2=null, bday=null, bmonth=null, byear=null, groupdate=null, address2=null, phone2=null], AddressDate [lastname= ,fname= ,  address=null, home=test-913265716, mobile=null, work=null, email=test-1454078984, email2=null, bday=null, bmonth=null, byear=null, groupdate=null, address2=null, phone2=null], AddressDate [lastname= ,fname=test-363972883,  address=null, home=test331179509, mobile=null, work=null, email=test972631318, email2=null, bday=null, bmonth=null, byear=null, groupdate=null, address2=null, phone2=null], AddressDate [lastname= ,fname=test-363972883,  address=null, home=test331179509, mobile=null, work=null, email=test972631318, email2=null, bday=null, bmonth=null, byear=null, groupdate=null, address2=null, phone2=null], AddressDate [lastname= ,fname=test-363972883,  address=null, home=test331179509, mobile=null, work=null, email=test972631318, email2=null, bday=null, bmonth=null, byear=null, groupdate=null, address2=null, phone2=null], AddressDate [lastname= ,fname=test1342745566,  address=null, home=test1475480208, mobile=null, work=null, email=test963430001, email2=null, bday=null, bmonth=null, byear=null, groupdate=null, address2=null, phone2=null], AddressDate [lastname= ,fname=test1925972037,  address=null, home=, mobile=null, work=null, email=test-1068091960, email2=null, bday=null, bmonth=null, byear=null, groupdate=null, address2=null, phone2=null], AddressDate [lastname= ,fname=test97743923,  address=null, home=test-1459190317, mobile=null, work=null, email= , email2=null, bday=null, bmonth=null, byear=null, groupdate=null, address2=null, phone2=null], AddressDate [lastname=test-1143096963,fname=test-1110043187,  address=null, home=test-224934943, mobile=null, work=null, email= , email2=null, bday=null, bmonth=null, byear=null, groupdate=null, address2=null, phone2=null], AddressDate [lastname=test-1143096963,fname=test-1110043187,  address=null, home=test-224934943, mobile=null, work=null, email= , email2=null, bday=null, bmonth=null, byear=null, groupdate=null, address2=null, phone2=null], AddressDate [lastname=test-1143096963,fname=test-1110043187,  address=null, home=test-224934943, mobile=null, work=null, email= , email2=null, bday=null, bmonth=null, byear=null, groupdate=null, address2=null, phone2=null], AddressDate [lastname=test-1143096963,fname=test-1110043187,  address=null, home=test-224934943, mobile=null, work=null, email= , email2=null, bday=null, bmonth=null, byear=null, groupdate=null, address2=null, phone2=null], AddressDate [lastname=test-1143096963,fname=test-1110043187,  address=null, home=test-224934943, mobile=null, work=null, email= , email2=null, bday=null, bmonth=null, byear=null, groupdate=null, address2=null, phone2=null], AddressDate [lastname=test-1143096963,fname=test-1110043187,  address=null, home=test-224934943, mobile=null, work=null, email= , email2=null, bday=null, bmonth=null, byear=null, groupdate=null, address2=null, phone2=null], AddressDate [lastname=test-1143096963,fname=test-1110043187,  address=null, home=test-224934943, mobile=null, work=null, email= , email2=null, bday=null, bmonth=null, byear=null, groupdate=null, address2=null, phone2=null]]&gt;
     but: was &lt;[AddressDate [lastname= ,fname= ,  address=null, home=test-913265716, mobile=null, work=null, email=test-1454078984, email2=null, bday=null, bmonth=null, byear=null, groupdate=null, address2=null, phone2=null]]&gt;">
      <![CDATA[java.lang.AssertionError: 
Expected: <[AddressDate [lastname= ,fname= ,  address=null, home=, mobile=null, work=null, email= , email2=null, bday=null, bmonth=null, byear=null, groupdate=null, address2=null, phone2=null], AddressDate [lastname= ,fname= ,  address=null, home=, mobile=null, work=null, email= , email2=null, bday=null, bmonth=null, byear=null, groupdate=null, address2=null, phone2=null], AddressDate [lastname= ,fname= ,  address=null, home=test-913265716, mobile=null, work=null, email=test-1454078984, email2=null, bday=null, bmonth=null, byear=null, groupdate=null, address2=null, phone2=null], AddressDate [lastname= ,fname=test-363972883,  address=null, home=test331179509, mobile=null, work=null, email=test972631318, email2=null, bday=null, bmonth=null, byear=null, groupdate=null, address2=null, phone2=null], AddressDate [lastname= ,fname=test-363972883,  address=null, home=test331179509, mobile=null, work=null, email=test972631318, email2=null, bday=null, bmonth=null, byear=null, groupdate=null, address2=null, phone2=null], AddressDate [lastname= ,fname=test-363972883,  address=null, home=test331179509, mobile=null, work=null, email=test972631318, email2=null, bday=null, bmonth=null, byear=null, groupdate=null, address2=null, phone2=null], AddressDate [lastname= ,fname=test1342745566,  address=null, home=test1475480208, mobile=null, work=null, email=test963430001, email2=null, bday=null, bmonth=null, byear=null, groupdate=null, address2=null, phone2=null], AddressDate [lastname= ,fname=test1925972037,  address=null, home=, mobile=null, work=null, email=test-1068091960, email2=null, bday=null, bmonth=null, byear=null, groupdate=null, address2=null, phone2=null], AddressDate [lastname= ,fname=test97743923,  address=null, home=test-1459190317, mobile=null, work=null, email= , email2=null, bday=null, bmonth=null, byear=null, groupdate=null, address2=null, phone2=null], AddressDate [lastname=test-1143096963,fname=test-1110043187,  address=null, home=test-224934943, mobile=null, work=null, email= , email2=null, bday=null, bmonth=null, byear=null, groupdate=null, address2=null, phone2=null], AddressDate [lastname=test-1143096963,fname=test-1110043187,  address=null, home=test-224934943, mobile=null, work=null, email= , email2=null, bday=null, bmonth=null, byear=null, groupdate=null, address2=null, phone2=null], AddressDate [lastname=test-1143096963,fname=test-1110043187,  address=null, home=test-224934943, mobile=null, work=null, email= , email2=null, bday=null, bmonth=null, byear=null, groupdate=null, address2=null, phone2=null], AddressDate [lastname=test-1143096963,fname=test-1110043187,  address=null, home=test-224934943, mobile=null, work=null, email= , email2=null, bday=null, bmonth=null, byear=null, groupdate=null, address2=null, phone2=null], AddressDate [lastname=test-1143096963,fname=test-1110043187,  address=null, home=test-224934943, mobile=null, work=null, email= , email2=null, bday=null, bmonth=null, byear=null, groupdate=null, address2=null, phone2=null], AddressDate [lastname=test-1143096963,fname=test-1110043187,  address=null, home=test-224934943, mobile=null, work=null, email= , email2=null, bday=null, bmonth=null, byear=null, groupdate=null, address2=null, phone2=null], AddressDate [lastname=test-1143096963,fname=test-1110043187,  address=null, home=test-224934943, mobile=null, work=null, email= , email2=null, bday=null, bmonth=null, byear=null, groupdate=null, address2=null, phone2=null]]]]><![CDATA[>
     but: was <[AddressDate [lastname= ,fname= ,  address=null, home=test-913265716, mobile=null, work=null, email=test-1454078984, email2=null, bday=null, bmonth=null, byear=null, groupdate=null, address2=null, phone2=null]]]]><![CDATA[>
	at org.hamcrest.MatcherAssert.assertThat(MatcherAssert.java:20)
	at org.junit.Assert.assertThat(Assert.java:865)
	at org.junit.Assert.assertThat(Assert.java:832)
	at com.example.tests.AddressRemoveTest.deleteAddress(AddressRemoveTest.java:27)
	at sun.reflect.NativeMethodAccessorImpl.invoke0(Native Method)
	at sun.reflect.NativeMethodAccessorImpl.invoke(Unknown Source)
	at sun.reflect.DelegatingMethodAccessorImpl.invoke(Unknown Source)
	at java.lang.reflect.Method.invoke(Unknown Source)
	at org.testng.internal.MethodInvocationHelper.invokeMethod(MethodInvocationHelper.java:84)
	at org.testng.internal.Invoker.invokeMethod(Invoker.java:714)
	at org.testng.internal.Invoker.invokeTestMethod(Invoker.java:901)
	at org.testng.internal.Invoker.invokeTestMethods(Invoker.java:1231)
	at org.testng.internal.TestMethodWorker.invokeTestMethods(TestMethodWorker.java:127)
	at org.testng.internal.TestMethodWorker.run(TestMethodWorker.java:111)
	at org.testng.TestRunner.privateRun(TestRunner.java:767)
	at org.testng.TestRunner.run(TestRunner.java:617)
	at org.testng.SuiteRunner.runTest(SuiteRunner.java:334)
	at org.testng.SuiteRunner.runSequentially(SuiteRunner.java:329)
	at org.testng.SuiteRunner.privateRun(SuiteRunner.java:291)
	at org.testng.SuiteRunner.run(SuiteRunner.java:240)
	at org.testng.SuiteRunnerWorker.runSuite(SuiteRunnerWorker.java:52)
	at org.testng.SuiteRunnerWorker.run(SuiteRunnerWorker.java:86)
	at org.testng.TestNG.runSuitesSequentially(TestNG.java:1224)
	at org.testng.TestNG.runSuitesLocally(TestNG.java:1149)
	at org.testng.TestNG.run(TestNG.java:1057)
	at org.testng.remote.RemoteTestNG.run(RemoteTestNG.java:111)
	at org.testng.remote.RemoteTestNG.initAndRun(RemoteTestNG.java:204)
	at org.testng.remote.RemoteTestNG.main(RemoteTestNG.java:175)
]]>
    </error>
  </testcase> <!-- deleteAddress -->
  <testcase name="deleteAddress" time="0.001" classname="com.example.tests.AddressRemoveTest">
    <failure type="java.lang.IllegalArgumentException" message="bound must be positive">
      <![CDATA[java.lang.IllegalArgumentException: bound must be positive
	at java.util.Random.nextInt(Unknown Source)
	at com.example.tests.AddressRemoveTest.deleteAddress(AddressRemoveTest.java:21)
	at sun.reflect.NativeMethodAccessorImpl.invoke0(Native Method)
	at sun.reflect.NativeMethodAccessorImpl.invoke(Unknown Source)
	at sun.reflect.DelegatingMethodAccessorImpl.invoke(Unknown Source)
	at java.lang.reflect.Method.invoke(Unknown Source)
	at org.testng.internal.MethodInvocationHelper.invokeMethod(MethodInvocationHelper.java:84)
	at org.testng.internal.Invoker.invokeMethod(Invoker.java:714)
	at org.testng.internal.Invoker.invokeTestMethod(Invoker.java:901)
	at org.testng.internal.Invoker.invokeTestMethods(Invoker.java:1231)
	at org.testng.internal.TestMethodWorker.invokeTestMethods(TestMethodWorker.java:127)
	at org.testng.internal.TestMethodWorker.run(TestMethodWorker.java:111)
	at org.testng.TestRunner.privateRun(TestRunner.java:767)
	at org.testng.TestRunner.run(TestRunner.java:617)
	at org.testng.SuiteRunner.runTest(SuiteRunner.java:334)
	at org.testng.SuiteRunner.runSequentially(SuiteRunner.java:329)
	at org.testng.SuiteRunner.privateRun(SuiteRunner.java:291)
	at org.testng.SuiteRunner.run(SuiteRunner.java:240)
	at org.testng.SuiteRunnerWorker.runSuite(SuiteRunnerWorker.java:52)
	at org.testng.SuiteRunnerWorker.run(SuiteRunnerWorker.java:86)
	at org.testng.TestNG.runSuitesSequentially(TestNG.java:1224)
	at org.testng.TestNG.runSuitesLocally(TestNG.java:1149)
	at org.testng.TestNG.run(TestNG.java:1057)
	at org.testng.remote.RemoteTestNG.run(RemoteTestNG.java:111)
	at org.testng.remote.RemoteTestNG.initAndRun(RemoteTestNG.java:204)
	at org.testng.remote.RemoteTestNG.main(RemoteTestNG.java:175)
]]>
    </failure>
  </testcase> <!-- deleteAddress -->
</testsuite> <!-- com.example.tests.AddressRemoveTest -->
