<?xml version="1.0" encoding="UTF-8"?>
<!-- Generated by org.testng.reporters.JUnitReportReporter -->
<testsuite hostname="Kolosov-PC" name="com.example.tests.GroupeMidifyTest" tests="1" failures="0" timestamp="20 Dec 2014 20:56:34 GMT" time="1.195" errors="0">
  <testcase name="modifyGroup" time="1.195" classname="com.example.tests.GroupeMidifyTest"/>
</testsuite> <!-- com.example.tests.GroupeMidifyTest -->
