<?xml version="1.0" encoding="UTF-8"?>
<!-- Generated by org.testng.reporters.JUnitReportReporter -->
<testsuite hostname="gazmeeva-s" name="com.example.tests.AdressCreateTest" tests="2" failures="0" timestamp="16 Dec 2014 13:14:37 GMT" time="12.110" errors="0">
  <testcase name="testNonEmptyPhoneCreation" time="7.367" classname="com.example.tests.AdressCreateTest"/>
  <testcase name="testEmptyPhoneCreation" time="4.743" classname="com.example.tests.AdressCreateTest"/>
</testsuite> <!-- com.example.tests.AdressCreateTest -->
