<?xml version="1.0" encoding="UTF-8"?>
<!-- Generated by org.testng.reporters.JUnitReportReporter -->
<testsuite hostname="Kolosov-PC" name="com.example.tests.AddressRemoveTest" tests="5" failures="0" timestamp="6 Jan 2015 20:45:50 GMT" time="21.997" errors="0">
  <testcase name="deleteAddress" time="3.472" classname="com.example.tests.AddressRemoveTest"/>
  <testcase name="deleteAddress" time="3.871" classname="com.example.tests.AddressRemoveTest"/>
  <testcase name="deleteAddress" time="3.686" classname="com.example.tests.AddressRemoveTest"/>
  <testcase name="deleteAddress" time="3.544" classname="com.example.tests.AddressRemoveTest"/>
  <testcase name="deleteAddress" time="7.424" classname="com.example.tests.AddressRemoveTest"/>
</testsuite> <!-- com.example.tests.AddressRemoveTest -->
