<?xml version="1.0" encoding="UTF-8"?>
<!-- Generated by org.testng.reporters.JUnitReportReporter -->
<testsuite hostname="Kolosov-PC" name="com.example.tests.GroupeCreationTests" tests="2" failures="0" timestamp="20 Dec 2014 20:56:34 GMT" time="2.816" errors="0">
  <testcase name="testEmptyGroupCreation" time="1.375" classname="com.example.tests.GroupeCreationTests"/>
  <testcase name="testNonEmptyGroupCreation" time="1.441" classname="com.example.tests.GroupeCreationTests"/>
</testsuite> <!-- com.example.tests.GroupeCreationTests -->
