<?xml version="1.0" encoding="UTF-8"?>
<!-- Generated by org.testng.reporters.JUnitReportReporter -->
<testsuite hostname="gazmeeva-s" name="com.example.tests.GroupeRemoveTest" tests="5" failures="0" timestamp="25 Dec 2014 06:56:29 GMT" time="23.384" errors="0">
  <testcase name="deleteGroup" time="5.768" classname="com.example.tests.GroupeRemoveTest"/>
  <testcase name="deleteGroup" time="4.465" classname="com.example.tests.GroupeRemoveTest"/>
  <testcase name="deleteGroup" time="4.464" classname="com.example.tests.GroupeRemoveTest"/>
  <testcase name="deleteGroup" time="4.671" classname="com.example.tests.GroupeRemoveTest"/>
  <testcase name="deleteGroup" time="4.016" classname="com.example.tests.GroupeRemoveTest"/>
</testsuite> <!-- com.example.tests.GroupeRemoveTest -->
