<?xml version="1.0" encoding="UTF-8"?>
<!-- Generated by org.testng.reporters.JUnitReportReporter -->
<testsuite hostname="gazmeeva-s" name="com.example.tests.GroupeMidifyTest" tests="5" failures="0" timestamp="29 Dec 2014 07:00:41 GMT" time="20.819" errors="0">
  <testcase name="modifyGroup" time="3.922" classname="com.example.tests.GroupeMidifyTest"/>
  <testcase name="modifyGroup" time="3.783" classname="com.example.tests.GroupeMidifyTest"/>
  <testcase name="modifyGroup" time="4.008" classname="com.example.tests.GroupeMidifyTest"/>
  <testcase name="modifyGroup" time="4.717" classname="com.example.tests.GroupeMidifyTest"/>
  <testcase name="modifyGroup" time="4.389" classname="com.example.tests.GroupeMidifyTest"/>
</testsuite> <!-- com.example.tests.GroupeMidifyTest -->
