<?xml version="1.0" encoding="UTF-8"?>
<!-- Generated by org.testng.reporters.JUnitReportReporter -->
<testsuite hostname="gazmeeva-s" name="com.example.tests.AddressModifyTest" tests="5" failures="0" timestamp="30 Dec 2014 08:07:23 GMT" time="38.411" errors="0">
  <testcase name="modifyAddress" time="7.544" classname="com.example.tests.AddressModifyTest"/>
  <testcase name="modifyAddress" time="7.952" classname="com.example.tests.AddressModifyTest"/>
  <testcase name="modifyAddress" time="7.488" classname="com.example.tests.AddressModifyTest"/>
  <testcase name="modifyAddress" time="8.263" classname="com.example.tests.AddressModifyTest"/>
  <testcase name="modifyAddress" time="7.164" classname="com.example.tests.AddressModifyTest"/>
</testsuite> <!-- com.example.tests.AddressModifyTest -->
