<?xml version="1.0" encoding="UTF-8"?>
<!-- Generated by org.testng.reporters.JUnitReportReporter -->
<testsuite hostname="gazmeeva-s" name="com.example.tests.AddressModifyTest" tests="2" failures="0" timestamp="30 Jan 2015 09:51:33 GMT" time="45.235" errors="0">
  <testcase name="modifyAddress" time="21.652" classname="com.example.tests.AddressModifyTest"/>
  <testcase name="modifyAddress" time="23.583" classname="com.example.tests.AddressModifyTest"/>
</testsuite> <!-- com.example.tests.AddressModifyTest -->
