<?xml version="1.0" encoding="UTF-8"?>
<!-- Generated by org.testng.reporters.JUnitReportReporter -->
<testsuite hostname="gazmeeva-s" name="com.example.tests.AdressCreateTest" tests="2" failures="0" timestamp="12 Jan 2015 12:24:16 GMT" time="83.266" errors="0">
  <testcase name="testAddressCreationwithValidData" time="54.224" classname="com.example.tests.AdressCreateTest"/>
  <testcase name="testAddressCreationwithValidData" time="29.042" classname="com.example.tests.AdressCreateTest"/>
</testsuite> <!-- com.example.tests.AdressCreateTest -->
