<?xml version="1.0" encoding="UTF-8"?>
<!-- Generated by org.testng.reporters.JUnitReportReporter -->
<testsuite hostname="gazmeeva-s" name="com.example.tests.AddressCreateTest" tests="2" failures="0" timestamp="5 Feb 2015 05:41:24 GMT" time="22.234" errors="0">
  <testcase name="testAddressCreationwithValidData" time="3.474" classname="com.example.tests.AddressCreateTest"/>
  <testcase name="testAddressCreationwithValidData" time="18.760" classname="com.example.tests.AddressCreateTest"/>
</testsuite> <!-- com.example.tests.AddressCreateTest -->
