<?xml version="1.0" encoding="UTF-8"?>
<!-- Generated by org.testng.reporters.JUnitReportReporter -->
<testsuite hostname="gazmeeva-s" name="com.example.tests.AddressRemoveTest" tests="2" failures="0" timestamp="30 Jan 2015 09:51:33 GMT" time="29.026" errors="0">
  <testcase name="deleteAddress" time="13.985" classname="com.example.tests.AddressRemoveTest"/>
  <testcase name="deleteAddress" time="15.041" classname="com.example.tests.AddressRemoveTest"/>
</testsuite> <!-- com.example.tests.AddressRemoveTest -->
