<?xml version="1.0" encoding="UTF-8"?>
<!-- Generated by org.testng.reporters.JUnitReportReporter -->
<testsuite hostname="Kolosov-PC" name="com.example.tests.GroupeMidifyTest" tests="5" failures="0" timestamp="6 Jan 2015 19:34:56 GMT" time="8.463" errors="0">
  <testcase name="modifyGroup" time="1.391" classname="com.example.tests.GroupeMidifyTest"/>
  <testcase name="modifyGroup" time="1.584" classname="com.example.tests.GroupeMidifyTest"/>
  <testcase name="modifyGroup" time="1.295" classname="com.example.tests.GroupeMidifyTest"/>
  <testcase name="modifyGroup" time="1.527" classname="com.example.tests.GroupeMidifyTest"/>
  <testcase name="modifyGroup" time="2.666" classname="com.example.tests.GroupeMidifyTest"/>
</testsuite> <!-- com.example.tests.GroupeMidifyTest -->
