<?xml version="1.0" encoding="UTF-8"?>
<!-- Generated by org.testng.reporters.JUnitReportReporter -->
<testsuite hostname="gazmeeva-s" name="com.example.tests.AdressCreateTest" tests="2" failures="0" timestamp="24 Dec 2014 12:06:09 GMT" time="7.022" errors="0">
  <testcase name="testNonEmptyPhoneCreation" time="4.313" classname="com.example.tests.AdressCreateTest"/>
  <testcase name="testEmptyPhoneCreation" time="2.709" classname="com.example.tests.AdressCreateTest"/>
</testsuite> <!-- com.example.tests.AdressCreateTest -->
