<?xml version="1.0" encoding="UTF-8"?>
<!-- Generated by org.testng.reporters.JUnitReportReporter -->
<testsuite hostname="Kolosov-PC" name="com.example.tests.AddressModifyTest" tests="5" failures="0" timestamp="6 Jan 2015 21:41:43 GMT" time="75.857" errors="0">
  <testcase name="modifyAddress" time="15.010" classname="com.example.tests.AddressModifyTest"/>
  <testcase name="modifyAddress" time="14.212" classname="com.example.tests.AddressModifyTest"/>
  <testcase name="modifyAddress" time="17.703" classname="com.example.tests.AddressModifyTest"/>
  <testcase name="modifyAddress" time="14.614" classname="com.example.tests.AddressModifyTest"/>
  <testcase name="modifyAddress" time="14.318" classname="com.example.tests.AddressModifyTest"/>
</testsuite> <!-- com.example.tests.AddressModifyTest -->
