<?xml version="1.0" encoding="UTF-8"?>
<!-- Generated by org.testng.reporters.JUnitReportReporter -->
<testsuite hostname="Kolosov-PC" name="com.example.tests.GroupeCreationTests" tests="2" failures="0" timestamp="14 Dec 2014 13:11:30 GMT" time="2.244" errors="0">
  <testcase name="testNonEmptyGroupCreation" time="1.108" classname="com.example.tests.GroupeCreationTests"/>
  <testcase name="testEmptyGroupCreation" time="1.136" classname="com.example.tests.GroupeCreationTests"/>
</testsuite> <!-- com.example.tests.GroupeCreationTests -->
