<?xml version="1.0" encoding="UTF-8"?>
<!-- Generated by org.testng.reporters.JUnitReportReporter -->
<testsuite hostname="Kolosov-PC" name="com.example.tests.AddressRemoveTest" tests="5" failures="0" timestamp="3 Jan 2015 14:05:59 GMT" time="31.429" errors="0">
  <testcase name="deleteAddress" time="6.185" classname="com.example.tests.AddressRemoveTest"/>
  <testcase name="deleteAddress" time="7.523" classname="com.example.tests.AddressRemoveTest"/>
  <testcase name="deleteAddress" time="5.822" classname="com.example.tests.AddressRemoveTest"/>
  <testcase name="deleteAddress" time="6.178" classname="com.example.tests.AddressRemoveTest"/>
  <testcase name="deleteAddress" time="5.721" classname="com.example.tests.AddressRemoveTest"/>
</testsuite> <!-- com.example.tests.AddressRemoveTest -->
