<?xml version="1.0" encoding="UTF-8"?>
<!-- Generated by org.testng.reporters.JUnitReportReporter -->
<testsuite hostname="gazmeeva-s" name="com.example.tests.GroupeMidifyTest" tests="3" failures="0" timestamp="12 Jan 2015 13:21:42 GMT" time="15.591" errors="0">
  <testcase name="modifyGroup" time="5.198" classname="com.example.tests.GroupeMidifyTest"/>
  <testcase name="modifyGroup" time="5.128" classname="com.example.tests.GroupeMidifyTest"/>
  <testcase name="modifyGroup" time="5.265" classname="com.example.tests.GroupeMidifyTest"/>
</testsuite> <!-- com.example.tests.GroupeMidifyTest -->
