<?xml version="1.0" encoding="UTF-8"?>
<!-- Generated by org.testng.reporters.JUnitReportReporter -->
<testsuite hostname="Kolosov-PC" name="com.example.tests.AdressCreateTest" tests="2" failures="0" timestamp="14 Dec 2014 13:11:30 GMT" time="4.230" errors="0">
  <testcase name="testNonEmptyPhoneCreation" time="2.167" classname="com.example.tests.AdressCreateTest"/>
  <testcase name="testEmptyPhoneCreation" time="2.063" classname="com.example.tests.AdressCreateTest"/>
</testsuite> <!-- com.example.tests.AdressCreateTest -->
