<?xml version="1.0" encoding="UTF-8"?>
<!-- Generated by org.testng.reporters.JUnitReportReporter -->
<testsuite hostname="gazmeeva-s" name="com.example.tests.GroupeCreationTests" tests="2" failures="0" timestamp="12 Jan 2015 13:52:30 GMT" time="13.375" errors="0">
  <testcase name="testGroupCreationwithValidData" time="5.328" classname="com.example.tests.GroupeCreationTests"/>
  <testcase name="testGroupCreationwithValidData" time="8.047" classname="com.example.tests.GroupeCreationTests"/>
</testsuite> <!-- com.example.tests.GroupeCreationTests -->
