<?xml version="1.0" encoding="UTF-8"?>
<!-- Generated by org.testng.reporters.JUnitReportReporter -->
<testsuite hostname="gazmeeva-s" name="com.example.tests.AdressCreateTest" tests="2" failures="0" timestamp="16 Dec 2014 13:38:53 GMT" time="7.525" errors="0">
  <testcase name="testNonEmptyPhoneCreation" time="3.073" classname="com.example.tests.AdressCreateTest"/>
  <testcase name="testEmptyPhoneCreation" time="4.452" classname="com.example.tests.AdressCreateTest"/>
</testsuite> <!-- com.example.tests.AdressCreateTest -->
