<?xml version="1.0" encoding="UTF-8"?>
<!-- Generated by org.testng.reporters.JUnitReportReporter -->
<testsuite hostname="gazmeeva-s" name="com.example.tests.AddressRemoveTest" tests="2" failures="0" timestamp="28 Jan 2015 09:46:09 GMT" time="31.657" errors="0">
  <testcase name="deleteAddress" time="15.037" classname="com.example.tests.AddressRemoveTest"/>
  <testcase name="deleteAddress" time="16.620" classname="com.example.tests.AddressRemoveTest"/>
</testsuite> <!-- com.example.tests.AddressRemoveTest -->
