<?xml version="1.0" encoding="UTF-8"?>
<!-- Generated by org.testng.reporters.JUnitReportReporter -->
<testsuite hostname="gazmeeva-s" name="com.example.tests.GroupeCreationTests" tests="5" failures="0" timestamp="24 Dec 2014 13:58:37 GMT" time="37.411" errors="0">
  <testcase name="testGroupCreationwithValidData" time="5.644" classname="com.example.tests.GroupeCreationTests"/>
  <testcase name="testGroupCreationwithValidData" time="4.445" classname="com.example.tests.GroupeCreationTests"/>
  <testcase name="testGroupCreationwithValidData" time="4.298" classname="com.example.tests.GroupeCreationTests"/>
  <testcase name="testGroupCreationwithValidData" time="9.426" classname="com.example.tests.GroupeCreationTests"/>
  <testcase name="testGroupCreationwithValidData" time="13.598" classname="com.example.tests.GroupeCreationTests"/>
</testsuite> <!-- com.example.tests.GroupeCreationTests -->
