<?xml version="1.0" encoding="UTF-8"?>
<!-- Generated by org.testng.reporters.JUnitReportReporter -->
<testsuite hostname="gazmeeva-s" name="com.example.tests.GroupeRemoveTest" tests="5" failures="0" timestamp="29 Dec 2014 08:22:10 GMT" time="17.554" errors="0">
  <testcase name="deleteGroup" time="3.312" classname="com.example.tests.GroupeRemoveTest"/>
  <testcase name="deleteGroup" time="3.854" classname="com.example.tests.GroupeRemoveTest"/>
  <testcase name="deleteGroup" time="3.269" classname="com.example.tests.GroupeRemoveTest"/>
  <testcase name="deleteGroup" time="3.403" classname="com.example.tests.GroupeRemoveTest"/>
  <testcase name="deleteGroup" time="3.716" classname="com.example.tests.GroupeRemoveTest"/>
</testsuite> <!-- com.example.tests.GroupeRemoveTest -->
