<?xml version="1.0" encoding="UTF-8"?>
<!-- Generated by org.testng.reporters.JUnitReportReporter -->
<testsuite hostname="Kolosov-PC" name="com.example.tests.AddressModifyTest" tests="5" failures="0" timestamp="3 Jan 2015 14:06:47 GMT" time="34.341" errors="0">
  <testcase name="modifyAddress" time="6.561" classname="com.example.tests.AddressModifyTest"/>
  <testcase name="modifyAddress" time="6.638" classname="com.example.tests.AddressModifyTest"/>
  <testcase name="modifyAddress" time="6.623" classname="com.example.tests.AddressModifyTest"/>
  <testcase name="modifyAddress" time="6.508" classname="com.example.tests.AddressModifyTest"/>
  <testcase name="modifyAddress" time="8.011" classname="com.example.tests.AddressModifyTest"/>
</testsuite> <!-- com.example.tests.AddressModifyTest -->
