<?xml version="1.0" encoding="UTF-8"?>
<!-- Generated by org.testng.reporters.JUnitReportReporter -->
<testsuite hostname="gazmeeva-s" name="com.example.tests.GroupeRemoveTest" tests="2" failures="0" timestamp="30 Jan 2015 09:51:33 GMT" time="5.402" errors="0">
  <testcase name="deleteGroup" time="2.500" classname="com.example.tests.GroupeRemoveTest"/>
  <testcase name="deleteGroup" time="2.902" classname="com.example.tests.GroupeRemoveTest"/>
</testsuite> <!-- com.example.tests.GroupeRemoveTest -->
