<?xml version="1.0" encoding="UTF-8"?>
<!-- Generated by org.testng.reporters.JUnitReportReporter -->
<testsuite hostname="Kolosov-PC" name="com.example.tests.GroupeCreationTests" tests="2" failures="0" timestamp="11 Dec 2014 23:50:29 GMT" time="3.031" errors="0">
  <testcase name="testEmptyGroupCreation" time="1.680" classname="com.example.tests.GroupeCreationTests"/>
  <testcase name="testNonEmptyGroupCreation" time="1.351" classname="com.example.tests.GroupeCreationTests"/>
</testsuite> <!-- com.example.tests.GroupeCreationTests -->
