<?xml version="1.0" encoding="UTF-8"?>
<!-- Generated by org.testng.reporters.JUnitReportReporter -->
<testsuite hostname="gazmeeva-s" name="com.example.tests.GroupeMidifyTest" tests="2" failures="0" timestamp="12 Jan 2015 13:52:30 GMT" time="10.275" errors="2">
  <testcase name="modifyGroup" time="5.138" classname="com.example.tests.GroupeMidifyTest">
    <error type="java.lang.AssertionError" message="
Expected: &lt;[GroupDate [groupname= , header=null,footer=null ], GroupDate [groupname= , header=null,footer=null ], GroupDate [groupname= , header=null,footer=null ], GroupDate [groupname= , header=null,footer=null ], GroupDate [groupname= , header=null,footer=null ], GroupDate [groupname= , header=null,footer=null ], GroupDate [groupname= , header=null,footer=null ], GroupDate [groupname= , header=null,footer=null ], GroupDate [groupname= , header=null,footer=null ], GroupDate [groupname= , header=null,footer=null ], GroupDate [groupname= , header=null,footer=null ], GroupDate [groupname= , header=null,footer=null ], GroupDate [groupname= , header=null,footer=null ], GroupDate [groupname= , header=null,footer=null ], GroupDate [groupname= , header=null,footer=null ], GroupDate [groupname= , header=null,footer=null ], GroupDate [groupname= , header=null,footer=null ], GroupDate [groupname= , header=null,footer=null ], GroupDate [groupname=test-118517881, header=null,footer=null ], GroupDate [groupname=test-118517881, header=null,footer=null ], GroupDate [groupname=test-118517881, header=null,footer=null ], GroupDate [groupname=test-1325922492, header=null,footer=null ], GroupDate [groupname=test-158785731, header=null,footer=null ], GroupDate [groupname=test-158785731, header=null,footer=null ], GroupDate [groupname=test-158785731, header=null,footer=null ], GroupDate [groupname=test-158785731, header=null,footer=null ], GroupDate [groupname=test-158785731, header=null,footer=null ], GroupDate [groupname=test-158785731, header=null,footer=null ], GroupDate [groupname=test-158785731, header=null,footer=null ], GroupDate [groupname=test-1589935591, header=null,footer=null ], GroupDate [groupname=test-1589935591, header=null,footer=null ], GroupDate [groupname=test-1589935591, header=null,footer=null ], GroupDate [groupname=test-1589935591, header=null,footer=null ], GroupDate [groupname=test-1589935591, header=null,footer=null ], GroupDate [groupname=test-1589935591, header=null,footer=null ], GroupDate [groupname=test-1589935591, header=null,footer=null ], GroupDate [groupname=test-1589935591, header=null,footer=null ], GroupDate [groupname=test-1671890390, header=null,footer=null ], GroupDate [groupname=test-1722680610, header=null,footer=null ], GroupDate [groupname=test-1759538915, header=null,footer=null ], GroupDate [groupname=test-1759538915, header=null,footer=null ], GroupDate [groupname=test-1759538915, header=null,footer=null ], GroupDate [groupname=test-1844808449, header=null,footer=null ], GroupDate [groupname=test-1844808449, header=null,footer=null ], GroupDate [groupname=test-1844808449, header=null,footer=null ], GroupDate [groupname=test-1844808449, header=null,footer=null ], GroupDate [groupname=test-2094468842, header=null,footer=null ], GroupDate [groupname=test-2094468842, header=null,footer=null ], GroupDate [groupname=test-2094468842, header=null,footer=null ], GroupDate [groupname=test-2094468842, header=null,footer=null ], GroupDate [groupname=test-2096082275, header=null,footer=null ], GroupDate [groupname=test-413955157, header=null,footer=null ], GroupDate [groupname=test-417364597, header=null,footer=null ], GroupDate [groupname=test-494241728, header=null,footer=null ], GroupDate [groupname=test-558402960, header=null,footer=null ], GroupDate [groupname=test-572229079, header=null,footer=null ], GroupDate [groupname=test-597745894, header=null,footer=null ], GroupDate [groupname=test-74941574, header=null,footer=null ], GroupDate [groupname=test-74941574, header=null,footer=null ], GroupDate [groupname=test-74941574, header=null,footer=null ], GroupDate [groupname=test-950646702, header=null,footer=null ], GroupDate [groupname=test1151372443, header=null,footer=null ], GroupDate [groupname=test1151372443, header=null,footer=null ], GroupDate [groupname=test1151372443, header=null,footer=null ], GroupDate [groupname=test151490996, header=null,footer=null ], GroupDate [groupname=test161251403, header=null,footer=null ], GroupDate [groupname=test2075639110, header=null,footer=null ], GroupDate [groupname=test2075639110, header=null,footer=null ], GroupDate [groupname=test2075639110, header=null,footer=null ], GroupDate [groupname=test2075639110, header=null,footer=null ], GroupDate [groupname=test2075639110, header=null,footer=null ], GroupDate [groupname=test2075639110, header=null,footer=null ], GroupDate [groupname=test2075639110, header=null,footer=null ], GroupDate [groupname=test2075639110, header=null,footer=null ], GroupDate [groupname=test2075639110, header=test1437535831,footer=  ], GroupDate [groupname=test423943857, header=null,footer=null ], GroupDate [groupname=test871934716, header=null,footer=null ], GroupDate [groupname=test871934716, header=null,footer=null ], GroupDate [groupname=test871934716, header=null,footer=null ], GroupDate [groupname=test9384384, header=null,footer=null ], GroupDate [groupname=test9384384, header=null,footer=null ], GroupDate [groupname=test9384384, header=null,footer=null ], GroupDate [groupname=test9384384, header=null,footer=null ], GroupDate [groupname=test9384384, header=null,footer=null ], GroupDate [groupname=test9384384, header=null,footer=null ], GroupDate [groupname=test9384384, header=null,footer=null ], GroupDate [groupname=test9384384, header=null,footer=null ], GroupDate [groupname=test9384384, header=null,footer=null ], GroupDate [groupname=test968295740, header=null,footer=null ], GroupDate [groupname=test968295740, header=null,footer=null ], GroupDate [groupname=test968295740, header=null,footer=null ]]&gt;
     but: was &lt;[GroupDate [groupname= , header=null,footer=null ], GroupDate [groupname= , header=null,footer=null ], GroupDate [groupname= , header=null,footer=null ], GroupDate [groupname= , header=null,footer=null ], GroupDate [groupname= , header=null,footer=null ], GroupDate [groupname= , header=null,footer=null ], GroupDate [groupname= , header=null,footer=null ], GroupDate [groupname= , header=null,footer=null ], GroupDate [groupname= , header=null,footer=null ], GroupDate [groupname= , header=null,footer=null ], GroupDate [groupname= , header=null,footer=null ], GroupDate [groupname= , header=null,footer=null ], GroupDate [groupname= , header=null,footer=null ], GroupDate [groupname= , header=null,footer=null ], GroupDate [groupname= , header=null,footer=null ], GroupDate [groupname= , header=null,footer=null ], GroupDate [groupname= , header=null,footer=null ], GroupDate [groupname= , header=null,footer=null ], GroupDate [groupname=test-118517881, header=null,footer=null ], GroupDate [groupname=test-118517881, header=null,footer=null ], GroupDate [groupname=test-118517881, header=null,footer=null ], GroupDate [groupname=test-1325922492, header=null,footer=null ], GroupDate [groupname=test-158785731, header=null,footer=null ], GroupDate [groupname=test-158785731, header=null,footer=null ], GroupDate [groupname=test-158785731, header=null,footer=null ], GroupDate [groupname=test-158785731, header=null,footer=null ], GroupDate [groupname=test-158785731, header=null,footer=null ], GroupDate [groupname=test-158785731, header=null,footer=null ], GroupDate [groupname=test-158785731, header=null,footer=null ], GroupDate [groupname=test-1589935591, header=null,footer=null ], GroupDate [groupname=test-1589935591, header=null,footer=null ], GroupDate [groupname=test-1589935591, header=null,footer=null ], GroupDate [groupname=test-1589935591, header=null,footer=null ], GroupDate [groupname=test-1589935591, header=null,footer=null ], GroupDate [groupname=test-1589935591, header=null,footer=null ], GroupDate [groupname=test-1589935591, header=null,footer=null ], GroupDate [groupname=test-1589935591, header=null,footer=null ], GroupDate [groupname=test-1671890390, header=null,footer=null ], GroupDate [groupname=test-1722680610, header=null,footer=null ], GroupDate [groupname=test-1759538915, header=null,footer=null ], GroupDate [groupname=test-1759538915, header=null,footer=null ], GroupDate [groupname=test-1759538915, header=null,footer=null ], GroupDate [groupname=test-1844808449, header=null,footer=null ], GroupDate [groupname=test-1844808449, header=null,footer=null ], GroupDate [groupname=test-1844808449, header=null,footer=null ], GroupDate [groupname=test-1844808449, header=null,footer=null ], GroupDate [groupname=test-2094468842, header=null,footer=null ], GroupDate [groupname=test-2094468842, header=null,footer=null ], GroupDate [groupname=test-2094468842, header=null,footer=null ], GroupDate [groupname=test-2094468842, header=null,footer=null ], GroupDate [groupname=test-2096082275, header=null,footer=null ], GroupDate [groupname=test-413955157, header=null,footer=null ], GroupDate [groupname=test-417364597, header=null,footer=null ], GroupDate [groupname=test-494241728, header=null,footer=null ], GroupDate [groupname=test-558402960, header=null,footer=null ], GroupDate [groupname=test-572229079, header=null,footer=null ], GroupDate [groupname=test-597745894, header=null,footer=null ], GroupDate [groupname=test-74941574, header=null,footer=null ], GroupDate [groupname=test-74941574, header=null,footer=null ], GroupDate [groupname=test-74941574, header=null,footer=null ], GroupDate [groupname=test-950646702, header=null,footer=null ], GroupDate [groupname=test1151372443, header=null,footer=null ], GroupDate [groupname=test1151372443, header=null,footer=null ], GroupDate [groupname=test1151372443, header=null,footer=null ], GroupDate [groupname=test151490996, header=null,footer=null ], GroupDate [groupname=test161251403, header=null,footer=null ], GroupDate [groupname=test2075639110, header=null,footer=null ], GroupDate [groupname=test2075639110, header=null,footer=null ], GroupDate [groupname=test2075639110, header=null,footer=null ], GroupDate [groupname=test2075639110, header=null,footer=null ], GroupDate [groupname=test2075639110, header=null,footer=null ], GroupDate [groupname=test2075639110, header=null,footer=null ], GroupDate [groupname=test2075639110, header=null,footer=null ], GroupDate [groupname=test2075639110, header=null,footer=null ], GroupDate [groupname=test2075639110, header=null,footer=null ], GroupDate [groupname=test423943857, header=null,footer=null ], GroupDate [groupname=test871934716, header=null,footer=null ], GroupDate [groupname=test871934716, header=null,footer=null ], GroupDate [groupname=test871934716, header=null,footer=null ], GroupDate [groupname=test9384384, header=null,footer=null ], GroupDate [groupname=test9384384, header=null,footer=null ], GroupDate [groupname=test9384384, header=null,footer=null ], GroupDate [groupname=test9384384, header=null,footer=null ], GroupDate [groupname=test9384384, header=null,footer=null ], GroupDate [groupname=test9384384, header=null,footer=null ], GroupDate [groupname=test9384384, header=null,footer=null ], GroupDate [groupname=test9384384, header=null,footer=null ], GroupDate [groupname=test9384384, header=null,footer=null ]]&gt;">
      <![CDATA[java.lang.AssertionError: 
Expected: <[GroupDate [groupname= , header=null,footer=null ], GroupDate [groupname= , header=null,footer=null ], GroupDate [groupname= , header=null,footer=null ], GroupDate [groupname= , header=null,footer=null ], GroupDate [groupname= , header=null,footer=null ], GroupDate [groupname= , header=null,footer=null ], GroupDate [groupname= , header=null,footer=null ], GroupDate [groupname= , header=null,footer=null ], GroupDate [groupname= , header=null,footer=null ], GroupDate [groupname= , header=null,footer=null ], GroupDate [groupname= , header=null,footer=null ], GroupDate [groupname= , header=null,footer=null ], GroupDate [groupname= , header=null,footer=null ], GroupDate [groupname= , header=null,footer=null ], GroupDate [groupname= , header=null,footer=null ], GroupDate [groupname= , header=null,footer=null ], GroupDate [groupname= , header=null,footer=null ], GroupDate [groupname= , header=null,footer=null ], GroupDate [groupname=test-118517881, header=null,footer=null ], GroupDate [groupname=test-118517881, header=null,footer=null ], GroupDate [groupname=test-118517881, header=null,footer=null ], GroupDate [groupname=test-1325922492, header=null,footer=null ], GroupDate [groupname=test-158785731, header=null,footer=null ], GroupDate [groupname=test-158785731, header=null,footer=null ], GroupDate [groupname=test-158785731, header=null,footer=null ], GroupDate [groupname=test-158785731, header=null,footer=null ], GroupDate [groupname=test-158785731, header=null,footer=null ], GroupDate [groupname=test-158785731, header=null,footer=null ], GroupDate [groupname=test-158785731, header=null,footer=null ], GroupDate [groupname=test-1589935591, header=null,footer=null ], GroupDate [groupname=test-1589935591, header=null,footer=null ], GroupDate [groupname=test-1589935591, header=null,footer=null ], GroupDate [groupname=test-1589935591, header=null,footer=null ], GroupDate [groupname=test-1589935591, header=null,footer=null ], GroupDate [groupname=test-1589935591, header=null,footer=null ], GroupDate [groupname=test-1589935591, header=null,footer=null ], GroupDate [groupname=test-1589935591, header=null,footer=null ], GroupDate [groupname=test-1671890390, header=null,footer=null ], GroupDate [groupname=test-1722680610, header=null,footer=null ], GroupDate [groupname=test-1759538915, header=null,footer=null ], GroupDate [groupname=test-1759538915, header=null,footer=null ], GroupDate [groupname=test-1759538915, header=null,footer=null ], GroupDate [groupname=test-1844808449, header=null,footer=null ], GroupDate [groupname=test-1844808449, header=null,footer=null ], GroupDate [groupname=test-1844808449, header=null,footer=null ], GroupDate [groupname=test-1844808449, header=null,footer=null ], GroupDate [groupname=test-2094468842, header=null,footer=null ], GroupDate [groupname=test-2094468842, header=null,footer=null ], GroupDate [groupname=test-2094468842, header=null,footer=null ], GroupDate [groupname=test-2094468842, header=null,footer=null ], GroupDate [groupname=test-2096082275, header=null,footer=null ], GroupDate [groupname=test-413955157, header=null,footer=null ], GroupDate [groupname=test-417364597, header=null,footer=null ], GroupDate [groupname=test-494241728, header=null,footer=null ], GroupDate [groupname=test-558402960, header=null,footer=null ], GroupDate [groupname=test-572229079, header=null,footer=null ], GroupDate [groupname=test-597745894, header=null,footer=null ], GroupDate [groupname=test-74941574, header=null,footer=null ], GroupDate [groupname=test-74941574, header=null,footer=null ], GroupDate [groupname=test-74941574, header=null,footer=null ], GroupDate [groupname=test-950646702, header=null,footer=null ], GroupDate [groupname=test1151372443, header=null,footer=null ], GroupDate [groupname=test1151372443, header=null,footer=null ], GroupDate [groupname=test1151372443, header=null,footer=null ], GroupDate [groupname=test151490996, header=null,footer=null ], GroupDate [groupname=test161251403, header=null,footer=null ], GroupDate [groupname=test2075639110, header=null,footer=null ], GroupDate [groupname=test2075639110, header=null,footer=null ], GroupDate [groupname=test2075639110, header=null,footer=null ], GroupDate [groupname=test2075639110, header=null,footer=null ], GroupDate [groupname=test2075639110, header=null,footer=null ], GroupDate [groupname=test2075639110, header=null,footer=null ], GroupDate [groupname=test2075639110, header=null,footer=null ], GroupDate [groupname=test2075639110, header=null,footer=null ], GroupDate [groupname=test2075639110, header=test1437535831,footer=  ], GroupDate [groupname=test423943857, header=null,footer=null ], GroupDate [groupname=test871934716, header=null,footer=null ], GroupDate [groupname=test871934716, header=null,footer=null ], GroupDate [groupname=test871934716, header=null,footer=null ], GroupDate [groupname=test9384384, header=null,footer=null ], GroupDate [groupname=test9384384, header=null,footer=null ], GroupDate [groupname=test9384384, header=null,footer=null ], GroupDate [groupname=test9384384, header=null,footer=null ], GroupDate [groupname=test9384384, header=null,footer=null ], GroupDate [groupname=test9384384, header=null,footer=null ], GroupDate [groupname=test9384384, header=null,footer=null ], GroupDate [groupname=test9384384, header=null,footer=null ], GroupDate [groupname=test9384384, header=null,footer=null ], GroupDate [groupname=test968295740, header=null,footer=null ], GroupDate [groupname=test968295740, header=null,footer=null ], GroupDate [groupname=test968295740, header=null,footer=null ]]]]><![CDATA[>
     but: was <[GroupDate [groupname= , header=null,footer=null ], GroupDate [groupname= , header=null,footer=null ], GroupDate [groupname= , header=null,footer=null ], GroupDate [groupname= , header=null,footer=null ], GroupDate [groupname= , header=null,footer=null ], GroupDate [groupname= , header=null,footer=null ], GroupDate [groupname= , header=null,footer=null ], GroupDate [groupname= , header=null,footer=null ], GroupDate [groupname= , header=null,footer=null ], GroupDate [groupname= , header=null,footer=null ], GroupDate [groupname= , header=null,footer=null ], GroupDate [groupname= , header=null,footer=null ], GroupDate [groupname= , header=null,footer=null ], GroupDate [groupname= , header=null,footer=null ], GroupDate [groupname= , header=null,footer=null ], GroupDate [groupname= , header=null,footer=null ], GroupDate [groupname= , header=null,footer=null ], GroupDate [groupname= , header=null,footer=null ], GroupDate [groupname=test-118517881, header=null,footer=null ], GroupDate [groupname=test-118517881, header=null,footer=null ], GroupDate [groupname=test-118517881, header=null,footer=null ], GroupDate [groupname=test-1325922492, header=null,footer=null ], GroupDate [groupname=test-158785731, header=null,footer=null ], GroupDate [groupname=test-158785731, header=null,footer=null ], GroupDate [groupname=test-158785731, header=null,footer=null ], GroupDate [groupname=test-158785731, header=null,footer=null ], GroupDate [groupname=test-158785731, header=null,footer=null ], GroupDate [groupname=test-158785731, header=null,footer=null ], GroupDate [groupname=test-158785731, header=null,footer=null ], GroupDate [groupname=test-1589935591, header=null,footer=null ], GroupDate [groupname=test-1589935591, header=null,footer=null ], GroupDate [groupname=test-1589935591, header=null,footer=null ], GroupDate [groupname=test-1589935591, header=null,footer=null ], GroupDate [groupname=test-1589935591, header=null,footer=null ], GroupDate [groupname=test-1589935591, header=null,footer=null ], GroupDate [groupname=test-1589935591, header=null,footer=null ], GroupDate [groupname=test-1589935591, header=null,footer=null ], GroupDate [groupname=test-1671890390, header=null,footer=null ], GroupDate [groupname=test-1722680610, header=null,footer=null ], GroupDate [groupname=test-1759538915, header=null,footer=null ], GroupDate [groupname=test-1759538915, header=null,footer=null ], GroupDate [groupname=test-1759538915, header=null,footer=null ], GroupDate [groupname=test-1844808449, header=null,footer=null ], GroupDate [groupname=test-1844808449, header=null,footer=null ], GroupDate [groupname=test-1844808449, header=null,footer=null ], GroupDate [groupname=test-1844808449, header=null,footer=null ], GroupDate [groupname=test-2094468842, header=null,footer=null ], GroupDate [groupname=test-2094468842, header=null,footer=null ], GroupDate [groupname=test-2094468842, header=null,footer=null ], GroupDate [groupname=test-2094468842, header=null,footer=null ], GroupDate [groupname=test-2096082275, header=null,footer=null ], GroupDate [groupname=test-413955157, header=null,footer=null ], GroupDate [groupname=test-417364597, header=null,footer=null ], GroupDate [groupname=test-494241728, header=null,footer=null ], GroupDate [groupname=test-558402960, header=null,footer=null ], GroupDate [groupname=test-572229079, header=null,footer=null ], GroupDate [groupname=test-597745894, header=null,footer=null ], GroupDate [groupname=test-74941574, header=null,footer=null ], GroupDate [groupname=test-74941574, header=null,footer=null ], GroupDate [groupname=test-74941574, header=null,footer=null ], GroupDate [groupname=test-950646702, header=null,footer=null ], GroupDate [groupname=test1151372443, header=null,footer=null ], GroupDate [groupname=test1151372443, header=null,footer=null ], GroupDate [groupname=test1151372443, header=null,footer=null ], GroupDate [groupname=test151490996, header=null,footer=null ], GroupDate [groupname=test161251403, header=null,footer=null ], GroupDate [groupname=test2075639110, header=null,footer=null ], GroupDate [groupname=test2075639110, header=null,footer=null ], GroupDate [groupname=test2075639110, header=null,footer=null ], GroupDate [groupname=test2075639110, header=null,footer=null ], GroupDate [groupname=test2075639110, header=null,footer=null ], GroupDate [groupname=test2075639110, header=null,footer=null ], GroupDate [groupname=test2075639110, header=null,footer=null ], GroupDate [groupname=test2075639110, header=null,footer=null ], GroupDate [groupname=test2075639110, header=null,footer=null ], GroupDate [groupname=test423943857, header=null,footer=null ], GroupDate [groupname=test871934716, header=null,footer=null ], GroupDate [groupname=test871934716, header=null,footer=null ], GroupDate [groupname=test871934716, header=null,footer=null ], GroupDate [groupname=test9384384, header=null,footer=null ], GroupDate [groupname=test9384384, header=null,footer=null ], GroupDate [groupname=test9384384, header=null,footer=null ], GroupDate [groupname=test9384384, header=null,footer=null ], GroupDate [groupname=test9384384, header=null,footer=null ], GroupDate [groupname=test9384384, header=null,footer=null ], GroupDate [groupname=test9384384, header=null,footer=null ], GroupDate [groupname=test9384384, header=null,footer=null ], GroupDate [groupname=test9384384, header=null,footer=null ]]]]><![CDATA[>
	at org.hamcrest.MatcherAssert.assertThat(MatcherAssert.java:20)
	at org.junit.Assert.assertThat(Assert.java:865)
	at org.junit.Assert.assertThat(Assert.java:832)
	at com.example.tests.GroupeMidifyTest.modifyGroup(GroupeMidifyTest.java:31)
	at sun.reflect.NativeMethodAccessorImpl.invoke0(Native Method)
	at sun.reflect.NativeMethodAccessorImpl.invoke(Unknown Source)
	at sun.reflect.DelegatingMethodAccessorImpl.invoke(Unknown Source)
	at java.lang.reflect.Method.invoke(Unknown Source)
	at org.testng.internal.MethodInvocationHelper.invokeMethod(MethodInvocationHelper.java:84)
	at org.testng.internal.Invoker.invokeMethod(Invoker.java:714)
	at org.testng.internal.Invoker.invokeTestMethod(Invoker.java:901)
	at org.testng.internal.Invoker.invokeTestMethods(Invoker.java:1231)
	at org.testng.internal.TestMethodWorker.invokeTestMethods(TestMethodWorker.java:127)
	at org.testng.internal.TestMethodWorker.run(TestMethodWorker.java:111)
	at org.testng.TestRunner.privateRun(TestRunner.java:767)
	at org.testng.TestRunner.run(TestRunner.java:617)
	at org.testng.SuiteRunner.runTest(SuiteRunner.java:334)
	at org.testng.SuiteRunner.runSequentially(SuiteRunner.java:329)
	at org.testng.SuiteRunner.privateRun(SuiteRunner.java:291)
	at org.testng.SuiteRunner.run(SuiteRunner.java:240)
	at org.testng.SuiteRunnerWorker.runSuite(SuiteRunnerWorker.java:52)
	at org.testng.SuiteRunnerWorker.run(SuiteRunnerWorker.java:86)
	at org.testng.TestNG.runSuitesSequentially(TestNG.java:1224)
	at org.testng.TestNG.runSuitesLocally(TestNG.java:1149)
	at org.testng.TestNG.run(TestNG.java:1057)
	at org.testng.remote.RemoteTestNG.run(RemoteTestNG.java:111)
	at org.testng.remote.RemoteTestNG.initAndRun(RemoteTestNG.java:204)
	at org.testng.remote.RemoteTestNG.main(RemoteTestNG.java:175)
]]>
    </error>
  </testcase> <!-- modifyGroup -->
  <testcase name="modifyGroup" time="5.137" classname="com.example.tests.GroupeMidifyTest">
    <error type="java.lang.AssertionError" message="
Expected: &lt;[GroupDate [groupname= , header=null,footer=null ], GroupDate [groupname= , header=null,footer=null ], GroupDate [groupname= , header=null,footer=null ], GroupDate [groupname= , header=null,footer=null ], GroupDate [groupname= , header=null,footer=null ], GroupDate [groupname= , header=null,footer=null ], GroupDate [groupname= , header=null,footer=null ], GroupDate [groupname= , header=null,footer=null ], GroupDate [groupname= , header=null,footer=null ], GroupDate [groupname= , header=null,footer=null ], GroupDate [groupname= , header=null,footer=null ], GroupDate [groupname= , header=null,footer=null ], GroupDate [groupname= , header=null,footer=null ], GroupDate [groupname= , header=null,footer=null ], GroupDate [groupname= , header=null,footer=null ], GroupDate [groupname= , header=null,footer=null ], GroupDate [groupname= , header=null,footer=null ], GroupDate [groupname= , header=null,footer=null ], GroupDate [groupname=test-118517881, header=null,footer=null ], GroupDate [groupname=test-118517881, header=null,footer=null ], GroupDate [groupname=test-118517881, header=null,footer=null ], GroupDate [groupname=test-1325922492, header=null,footer=null ], GroupDate [groupname=test-158785731, header=null,footer=null ], GroupDate [groupname=test-158785731, header=null,footer=null ], GroupDate [groupname=test-158785731, header=null,footer=null ], GroupDate [groupname=test-158785731, header=null,footer=null ], GroupDate [groupname=test-158785731, header=null,footer=null ], GroupDate [groupname=test-158785731, header=null,footer=null ], GroupDate [groupname=test-158785731, header=null,footer=null ], GroupDate [groupname=test-158785731, header=test-1655945031,footer=  ], GroupDate [groupname=test-1589935591, header=null,footer=null ], GroupDate [groupname=test-1589935591, header=null,footer=null ], GroupDate [groupname=test-1589935591, header=null,footer=null ], GroupDate [groupname=test-1589935591, header=null,footer=null ], GroupDate [groupname=test-1589935591, header=null,footer=null ], GroupDate [groupname=test-1589935591, header=null,footer=null ], GroupDate [groupname=test-1589935591, header=null,footer=null ], GroupDate [groupname=test-1589935591, header=null,footer=null ], GroupDate [groupname=test-1671890390, header=null,footer=null ], GroupDate [groupname=test-1722680610, header=null,footer=null ], GroupDate [groupname=test-1759538915, header=null,footer=null ], GroupDate [groupname=test-1759538915, header=null,footer=null ], GroupDate [groupname=test-1759538915, header=null,footer=null ], GroupDate [groupname=test-1844808449, header=null,footer=null ], GroupDate [groupname=test-1844808449, header=null,footer=null ], GroupDate [groupname=test-1844808449, header=null,footer=null ], GroupDate [groupname=test-1844808449, header=null,footer=null ], GroupDate [groupname=test-2094468842, header=null,footer=null ], GroupDate [groupname=test-2094468842, header=null,footer=null ], GroupDate [groupname=test-2094468842, header=null,footer=null ], GroupDate [groupname=test-2094468842, header=null,footer=null ], GroupDate [groupname=test-2096082275, header=null,footer=null ], GroupDate [groupname=test-413955157, header=null,footer=null ], GroupDate [groupname=test-417364597, header=null,footer=null ], GroupDate [groupname=test-494241728, header=null,footer=null ], GroupDate [groupname=test-558402960, header=null,footer=null ], GroupDate [groupname=test-572229079, header=null,footer=null ], GroupDate [groupname=test-597745894, header=null,footer=null ], GroupDate [groupname=test-74941574, header=null,footer=null ], GroupDate [groupname=test-74941574, header=null,footer=null ], GroupDate [groupname=test-74941574, header=null,footer=null ], GroupDate [groupname=test1151372443, header=null,footer=null ], GroupDate [groupname=test1151372443, header=null,footer=null ], GroupDate [groupname=test1151372443, header=null,footer=null ], GroupDate [groupname=test151490996, header=null,footer=null ], GroupDate [groupname=test161251403, header=null,footer=null ], GroupDate [groupname=test2075639110, header=null,footer=null ], GroupDate [groupname=test2075639110, header=null,footer=null ], GroupDate [groupname=test2075639110, header=null,footer=null ], GroupDate [groupname=test2075639110, header=null,footer=null ], GroupDate [groupname=test2075639110, header=null,footer=null ], GroupDate [groupname=test2075639110, header=null,footer=null ], GroupDate [groupname=test2075639110, header=null,footer=null ], GroupDate [groupname=test2075639110, header=null,footer=null ], GroupDate [groupname=test2075639110, header=null,footer=null ], GroupDate [groupname=test423943857, header=null,footer=null ], GroupDate [groupname=test871934716, header=null,footer=null ], GroupDate [groupname=test871934716, header=null,footer=null ], GroupDate [groupname=test871934716, header=null,footer=null ], GroupDate [groupname=test9384384, header=null,footer=null ], GroupDate [groupname=test9384384, header=null,footer=null ], GroupDate [groupname=test9384384, header=null,footer=null ], GroupDate [groupname=test9384384, header=null,footer=null ], GroupDate [groupname=test9384384, header=null,footer=null ], GroupDate [groupname=test9384384, header=null,footer=null ], GroupDate [groupname=test9384384, header=null,footer=null ], GroupDate [groupname=test9384384, header=null,footer=null ], GroupDate [groupname=test9384384, header=null,footer=null ]]&gt;
     but: was &lt;[GroupDate [groupname= , header=null,footer=null ], GroupDate [groupname= , header=null,footer=null ], GroupDate [groupname= , header=null,footer=null ], GroupDate [groupname= , header=null,footer=null ], GroupDate [groupname= , header=null,footer=null ], GroupDate [groupname= , header=null,footer=null ], GroupDate [groupname= , header=null,footer=null ], GroupDate [groupname= , header=null,footer=null ], GroupDate [groupname= , header=null,footer=null ], GroupDate [groupname= , header=null,footer=null ], GroupDate [groupname= , header=null,footer=null ], GroupDate [groupname= , header=null,footer=null ], GroupDate [groupname= , header=null,footer=null ], GroupDate [groupname= , header=null,footer=null ], GroupDate [groupname= , header=null,footer=null ], GroupDate [groupname= , header=null,footer=null ], GroupDate [groupname= , header=null,footer=null ], GroupDate [groupname= , header=null,footer=null ], GroupDate [groupname=test-118517881, header=null,footer=null ], GroupDate [groupname=test-118517881, header=null,footer=null ], GroupDate [groupname=test-118517881, header=null,footer=null ], GroupDate [groupname=test-1325922492, header=null,footer=null ], GroupDate [groupname=test-158785731, header=null,footer=null ], GroupDate [groupname=test-158785731, header=null,footer=null ], GroupDate [groupname=test-158785731, header=null,footer=null ], GroupDate [groupname=test-158785731, header=null,footer=null ], GroupDate [groupname=test-158785731, header=null,footer=null ], GroupDate [groupname=test-158785731, header=null,footer=null ], GroupDate [groupname=test-158785731, header=null,footer=null ], GroupDate [groupname=test-158785731, header=null,footer=null ], GroupDate [groupname=test-1589935591, header=null,footer=null ], GroupDate [groupname=test-1589935591, header=null,footer=null ], GroupDate [groupname=test-1589935591, header=null,footer=null ], GroupDate [groupname=test-1589935591, header=null,footer=null ], GroupDate [groupname=test-1589935591, header=null,footer=null ], GroupDate [groupname=test-1589935591, header=null,footer=null ], GroupDate [groupname=test-1589935591, header=null,footer=null ], GroupDate [groupname=test-1589935591, header=null,footer=null ], GroupDate [groupname=test-1671890390, header=null,footer=null ], GroupDate [groupname=test-1722680610, header=null,footer=null ], GroupDate [groupname=test-1759538915, header=null,footer=null ], GroupDate [groupname=test-1759538915, header=null,footer=null ], GroupDate [groupname=test-1759538915, header=null,footer=null ], GroupDate [groupname=test-1844808449, header=null,footer=null ], GroupDate [groupname=test-1844808449, header=null,footer=null ], GroupDate [groupname=test-1844808449, header=null,footer=null ], GroupDate [groupname=test-1844808449, header=null,footer=null ], GroupDate [groupname=test-2094468842, header=null,footer=null ], GroupDate [groupname=test-2094468842, header=null,footer=null ], GroupDate [groupname=test-2094468842, header=null,footer=null ], GroupDate [groupname=test-2094468842, header=null,footer=null ], GroupDate [groupname=test-2096082275, header=null,footer=null ], GroupDate [groupname=test-413955157, header=null,footer=null ], GroupDate [groupname=test-417364597, header=null,footer=null ], GroupDate [groupname=test-494241728, header=null,footer=null ], GroupDate [groupname=test-558402960, header=null,footer=null ], GroupDate [groupname=test-572229079, header=null,footer=null ], GroupDate [groupname=test-597745894, header=null,footer=null ], GroupDate [groupname=test-74941574, header=null,footer=null ], GroupDate [groupname=test-74941574, header=null,footer=null ], GroupDate [groupname=test-74941574, header=null,footer=null ], GroupDate [groupname=test1151372443, header=null,footer=null ], GroupDate [groupname=test1151372443, header=null,footer=null ], GroupDate [groupname=test1151372443, header=null,footer=null ], GroupDate [groupname=test151490996, header=null,footer=null ], GroupDate [groupname=test161251403, header=null,footer=null ], GroupDate [groupname=test2075639110, header=null,footer=null ], GroupDate [groupname=test2075639110, header=null,footer=null ], GroupDate [groupname=test2075639110, header=null,footer=null ], GroupDate [groupname=test2075639110, header=null,footer=null ], GroupDate [groupname=test2075639110, header=null,footer=null ], GroupDate [groupname=test2075639110, header=null,footer=null ], GroupDate [groupname=test2075639110, header=null,footer=null ], GroupDate [groupname=test2075639110, header=null,footer=null ], GroupDate [groupname=test2075639110, header=null,footer=null ], GroupDate [groupname=test423943857, header=null,footer=null ], GroupDate [groupname=test871934716, header=null,footer=null ], GroupDate [groupname=test871934716, header=null,footer=null ], GroupDate [groupname=test871934716, header=null,footer=null ], GroupDate [groupname=test9384384, header=null,footer=null ], GroupDate [groupname=test9384384, header=null,footer=null ], GroupDate [groupname=test9384384, header=null,footer=null ], GroupDate [groupname=test9384384, header=null,footer=null ], GroupDate [groupname=test9384384, header=null,footer=null ], GroupDate [groupname=test9384384, header=null,footer=null ], GroupDate [groupname=test9384384, header=null,footer=null ], GroupDate [groupname=test9384384, header=null,footer=null ], GroupDate [groupname=test9384384, header=null,footer=null ], GroupDate [groupname=test968295740, header=null,footer=null ], GroupDate [groupname=test968295740, header=null,footer=null ], GroupDate [groupname=test968295740, header=null,footer=null ]]&gt;">
      <![CDATA[java.lang.AssertionError: 
Expected: <[GroupDate [groupname= , header=null,footer=null ], GroupDate [groupname= , header=null,footer=null ], GroupDate [groupname= , header=null,footer=null ], GroupDate [groupname= , header=null,footer=null ], GroupDate [groupname= , header=null,footer=null ], GroupDate [groupname= , header=null,footer=null ], GroupDate [groupname= , header=null,footer=null ], GroupDate [groupname= , header=null,footer=null ], GroupDate [groupname= , header=null,footer=null ], GroupDate [groupname= , header=null,footer=null ], GroupDate [groupname= , header=null,footer=null ], GroupDate [groupname= , header=null,footer=null ], GroupDate [groupname= , header=null,footer=null ], GroupDate [groupname= , header=null,footer=null ], GroupDate [groupname= , header=null,footer=null ], GroupDate [groupname= , header=null,footer=null ], GroupDate [groupname= , header=null,footer=null ], GroupDate [groupname= , header=null,footer=null ], GroupDate [groupname=test-118517881, header=null,footer=null ], GroupDate [groupname=test-118517881, header=null,footer=null ], GroupDate [groupname=test-118517881, header=null,footer=null ], GroupDate [groupname=test-1325922492, header=null,footer=null ], GroupDate [groupname=test-158785731, header=null,footer=null ], GroupDate [groupname=test-158785731, header=null,footer=null ], GroupDate [groupname=test-158785731, header=null,footer=null ], GroupDate [groupname=test-158785731, header=null,footer=null ], GroupDate [groupname=test-158785731, header=null,footer=null ], GroupDate [groupname=test-158785731, header=null,footer=null ], GroupDate [groupname=test-158785731, header=null,footer=null ], GroupDate [groupname=test-158785731, header=test-1655945031,footer=  ], GroupDate [groupname=test-1589935591, header=null,footer=null ], GroupDate [groupname=test-1589935591, header=null,footer=null ], GroupDate [groupname=test-1589935591, header=null,footer=null ], GroupDate [groupname=test-1589935591, header=null,footer=null ], GroupDate [groupname=test-1589935591, header=null,footer=null ], GroupDate [groupname=test-1589935591, header=null,footer=null ], GroupDate [groupname=test-1589935591, header=null,footer=null ], GroupDate [groupname=test-1589935591, header=null,footer=null ], GroupDate [groupname=test-1671890390, header=null,footer=null ], GroupDate [groupname=test-1722680610, header=null,footer=null ], GroupDate [groupname=test-1759538915, header=null,footer=null ], GroupDate [groupname=test-1759538915, header=null,footer=null ], GroupDate [groupname=test-1759538915, header=null,footer=null ], GroupDate [groupname=test-1844808449, header=null,footer=null ], GroupDate [groupname=test-1844808449, header=null,footer=null ], GroupDate [groupname=test-1844808449, header=null,footer=null ], GroupDate [groupname=test-1844808449, header=null,footer=null ], GroupDate [groupname=test-2094468842, header=null,footer=null ], GroupDate [groupname=test-2094468842, header=null,footer=null ], GroupDate [groupname=test-2094468842, header=null,footer=null ], GroupDate [groupname=test-2094468842, header=null,footer=null ], GroupDate [groupname=test-2096082275, header=null,footer=null ], GroupDate [groupname=test-413955157, header=null,footer=null ], GroupDate [groupname=test-417364597, header=null,footer=null ], GroupDate [groupname=test-494241728, header=null,footer=null ], GroupDate [groupname=test-558402960, header=null,footer=null ], GroupDate [groupname=test-572229079, header=null,footer=null ], GroupDate [groupname=test-597745894, header=null,footer=null ], GroupDate [groupname=test-74941574, header=null,footer=null ], GroupDate [groupname=test-74941574, header=null,footer=null ], GroupDate [groupname=test-74941574, header=null,footer=null ], GroupDate [groupname=test1151372443, header=null,footer=null ], GroupDate [groupname=test1151372443, header=null,footer=null ], GroupDate [groupname=test1151372443, header=null,footer=null ], GroupDate [groupname=test151490996, header=null,footer=null ], GroupDate [groupname=test161251403, header=null,footer=null ], GroupDate [groupname=test2075639110, header=null,footer=null ], GroupDate [groupname=test2075639110, header=null,footer=null ], GroupDate [groupname=test2075639110, header=null,footer=null ], GroupDate [groupname=test2075639110, header=null,footer=null ], GroupDate [groupname=test2075639110, header=null,footer=null ], GroupDate [groupname=test2075639110, header=null,footer=null ], GroupDate [groupname=test2075639110, header=null,footer=null ], GroupDate [groupname=test2075639110, header=null,footer=null ], GroupDate [groupname=test2075639110, header=null,footer=null ], GroupDate [groupname=test423943857, header=null,footer=null ], GroupDate [groupname=test871934716, header=null,footer=null ], GroupDate [groupname=test871934716, header=null,footer=null ], GroupDate [groupname=test871934716, header=null,footer=null ], GroupDate [groupname=test9384384, header=null,footer=null ], GroupDate [groupname=test9384384, header=null,footer=null ], GroupDate [groupname=test9384384, header=null,footer=null ], GroupDate [groupname=test9384384, header=null,footer=null ], GroupDate [groupname=test9384384, header=null,footer=null ], GroupDate [groupname=test9384384, header=null,footer=null ], GroupDate [groupname=test9384384, header=null,footer=null ], GroupDate [groupname=test9384384, header=null,footer=null ], GroupDate [groupname=test9384384, header=null,footer=null ]]]]><![CDATA[>
     but: was <[GroupDate [groupname= , header=null,footer=null ], GroupDate [groupname= , header=null,footer=null ], GroupDate [groupname= , header=null,footer=null ], GroupDate [groupname= , header=null,footer=null ], GroupDate [groupname= , header=null,footer=null ], GroupDate [groupname= , header=null,footer=null ], GroupDate [groupname= , header=null,footer=null ], GroupDate [groupname= , header=null,footer=null ], GroupDate [groupname= , header=null,footer=null ], GroupDate [groupname= , header=null,footer=null ], GroupDate [groupname= , header=null,footer=null ], GroupDate [groupname= , header=null,footer=null ], GroupDate [groupname= , header=null,footer=null ], GroupDate [groupname= , header=null,footer=null ], GroupDate [groupname= , header=null,footer=null ], GroupDate [groupname= , header=null,footer=null ], GroupDate [groupname= , header=null,footer=null ], GroupDate [groupname= , header=null,footer=null ], GroupDate [groupname=test-118517881, header=null,footer=null ], GroupDate [groupname=test-118517881, header=null,footer=null ], GroupDate [groupname=test-118517881, header=null,footer=null ], GroupDate [groupname=test-1325922492, header=null,footer=null ], GroupDate [groupname=test-158785731, header=null,footer=null ], GroupDate [groupname=test-158785731, header=null,footer=null ], GroupDate [groupname=test-158785731, header=null,footer=null ], GroupDate [groupname=test-158785731, header=null,footer=null ], GroupDate [groupname=test-158785731, header=null,footer=null ], GroupDate [groupname=test-158785731, header=null,footer=null ], GroupDate [groupname=test-158785731, header=null,footer=null ], GroupDate [groupname=test-158785731, header=null,footer=null ], GroupDate [groupname=test-1589935591, header=null,footer=null ], GroupDate [groupname=test-1589935591, header=null,footer=null ], GroupDate [groupname=test-1589935591, header=null,footer=null ], GroupDate [groupname=test-1589935591, header=null,footer=null ], GroupDate [groupname=test-1589935591, header=null,footer=null ], GroupDate [groupname=test-1589935591, header=null,footer=null ], GroupDate [groupname=test-1589935591, header=null,footer=null ], GroupDate [groupname=test-1589935591, header=null,footer=null ], GroupDate [groupname=test-1671890390, header=null,footer=null ], GroupDate [groupname=test-1722680610, header=null,footer=null ], GroupDate [groupname=test-1759538915, header=null,footer=null ], GroupDate [groupname=test-1759538915, header=null,footer=null ], GroupDate [groupname=test-1759538915, header=null,footer=null ], GroupDate [groupname=test-1844808449, header=null,footer=null ], GroupDate [groupname=test-1844808449, header=null,footer=null ], GroupDate [groupname=test-1844808449, header=null,footer=null ], GroupDate [groupname=test-1844808449, header=null,footer=null ], GroupDate [groupname=test-2094468842, header=null,footer=null ], GroupDate [groupname=test-2094468842, header=null,footer=null ], GroupDate [groupname=test-2094468842, header=null,footer=null ], GroupDate [groupname=test-2094468842, header=null,footer=null ], GroupDate [groupname=test-2096082275, header=null,footer=null ], GroupDate [groupname=test-413955157, header=null,footer=null ], GroupDate [groupname=test-417364597, header=null,footer=null ], GroupDate [groupname=test-494241728, header=null,footer=null ], GroupDate [groupname=test-558402960, header=null,footer=null ], GroupDate [groupname=test-572229079, header=null,footer=null ], GroupDate [groupname=test-597745894, header=null,footer=null ], GroupDate [groupname=test-74941574, header=null,footer=null ], GroupDate [groupname=test-74941574, header=null,footer=null ], GroupDate [groupname=test-74941574, header=null,footer=null ], GroupDate [groupname=test1151372443, header=null,footer=null ], GroupDate [groupname=test1151372443, header=null,footer=null ], GroupDate [groupname=test1151372443, header=null,footer=null ], GroupDate [groupname=test151490996, header=null,footer=null ], GroupDate [groupname=test161251403, header=null,footer=null ], GroupDate [groupname=test2075639110, header=null,footer=null ], GroupDate [groupname=test2075639110, header=null,footer=null ], GroupDate [groupname=test2075639110, header=null,footer=null ], GroupDate [groupname=test2075639110, header=null,footer=null ], GroupDate [groupname=test2075639110, header=null,footer=null ], GroupDate [groupname=test2075639110, header=null,footer=null ], GroupDate [groupname=test2075639110, header=null,footer=null ], GroupDate [groupname=test2075639110, header=null,footer=null ], GroupDate [groupname=test2075639110, header=null,footer=null ], GroupDate [groupname=test423943857, header=null,footer=null ], GroupDate [groupname=test871934716, header=null,footer=null ], GroupDate [groupname=test871934716, header=null,footer=null ], GroupDate [groupname=test871934716, header=null,footer=null ], GroupDate [groupname=test9384384, header=null,footer=null ], GroupDate [groupname=test9384384, header=null,footer=null ], GroupDate [groupname=test9384384, header=null,footer=null ], GroupDate [groupname=test9384384, header=null,footer=null ], GroupDate [groupname=test9384384, header=null,footer=null ], GroupDate [groupname=test9384384, header=null,footer=null ], GroupDate [groupname=test9384384, header=null,footer=null ], GroupDate [groupname=test9384384, header=null,footer=null ], GroupDate [groupname=test9384384, header=null,footer=null ], GroupDate [groupname=test968295740, header=null,footer=null ], GroupDate [groupname=test968295740, header=null,footer=null ], GroupDate [groupname=test968295740, header=null,footer=null ]]]]><![CDATA[>
	at org.hamcrest.MatcherAssert.assertThat(MatcherAssert.java:20)
	at org.junit.Assert.assertThat(Assert.java:865)
	at org.junit.Assert.assertThat(Assert.java:832)
	at com.example.tests.GroupeMidifyTest.modifyGroup(GroupeMidifyTest.java:31)
	at sun.reflect.NativeMethodAccessorImpl.invoke0(Native Method)
	at sun.reflect.NativeMethodAccessorImpl.invoke(Unknown Source)
	at sun.reflect.DelegatingMethodAccessorImpl.invoke(Unknown Source)
	at java.lang.reflect.Method.invoke(Unknown Source)
	at org.testng.internal.MethodInvocationHelper.invokeMethod(MethodInvocationHelper.java:84)
	at org.testng.internal.Invoker.invokeMethod(Invoker.java:714)
	at org.testng.internal.Invoker.invokeTestMethod(Invoker.java:901)
	at org.testng.internal.Invoker.invokeTestMethods(Invoker.java:1231)
	at org.testng.internal.TestMethodWorker.invokeTestMethods(TestMethodWorker.java:127)
	at org.testng.internal.TestMethodWorker.run(TestMethodWorker.java:111)
	at org.testng.TestRunner.privateRun(TestRunner.java:767)
	at org.testng.TestRunner.run(TestRunner.java:617)
	at org.testng.SuiteRunner.runTest(SuiteRunner.java:334)
	at org.testng.SuiteRunner.runSequentially(SuiteRunner.java:329)
	at org.testng.SuiteRunner.privateRun(SuiteRunner.java:291)
	at org.testng.SuiteRunner.run(SuiteRunner.java:240)
	at org.testng.SuiteRunnerWorker.runSuite(SuiteRunnerWorker.java:52)
	at org.testng.SuiteRunnerWorker.run(SuiteRunnerWorker.java:86)
	at org.testng.TestNG.runSuitesSequentially(TestNG.java:1224)
	at org.testng.TestNG.runSuitesLocally(TestNG.java:1149)
	at org.testng.TestNG.run(TestNG.java:1057)
	at org.testng.remote.RemoteTestNG.run(RemoteTestNG.java:111)
	at org.testng.remote.RemoteTestNG.initAndRun(RemoteTestNG.java:204)
	at org.testng.remote.RemoteTestNG.main(RemoteTestNG.java:175)
]]>
    </error>
  </testcase> <!-- modifyGroup -->
</testsuite> <!-- com.example.tests.GroupeMidifyTest -->
