<?xml version="1.0" encoding="UTF-8"?>
<!-- Generated by org.testng.reporters.JUnitReportReporter -->
<testsuite hostname="Kolosov-PC" name="com.example.tests.GroupeRemoveTest" tests="5" failures="0" timestamp="6 Jan 2015 19:34:21 GMT" time="34.573" errors="0">
  <testcase name="deleteGroup" time="30.137" classname="com.example.tests.GroupeRemoveTest"/>
  <testcase name="deleteGroup" time="1.047" classname="com.example.tests.GroupeRemoveTest"/>
  <testcase name="deleteGroup" time="1.122" classname="com.example.tests.GroupeRemoveTest"/>
  <testcase name="deleteGroup" time="1.099" classname="com.example.tests.GroupeRemoveTest"/>
  <testcase name="deleteGroup" time="1.168" classname="com.example.tests.GroupeRemoveTest"/>
</testsuite> <!-- com.example.tests.GroupeRemoveTest -->
