<?xml version="1.0" encoding="UTF-8"?>
<!-- Generated by org.testng.reporters.JUnitReportReporter -->
<testsuite hostname="gazmeeva-s" name="com.example.tests.GroupeRemoveTest" tests="2" failures="0" timestamp="12 Jan 2015 13:52:30 GMT" time="7.751" errors="0">
  <testcase name="deleteGroup" time="3.972" classname="com.example.tests.GroupeRemoveTest"/>
  <testcase name="deleteGroup" time="3.779" classname="com.example.tests.GroupeRemoveTest"/>
</testsuite> <!-- com.example.tests.GroupeRemoveTest -->
