<?xml version="1.0" encoding="UTF-8"?>
<!-- Generated by org.testng.reporters.JUnitReportReporter -->
<testsuite hostname="gazmeeva-s" name="com.example.tests.GroupeMidifyTest" tests="2" failures="0" timestamp="12 Jan 2015 12:24:16 GMT" time="11.518" errors="0">
  <testcase name="modifyGroup" time="5.671" classname="com.example.tests.GroupeMidifyTest"/>
  <testcase name="modifyGroup" time="5.847" classname="com.example.tests.GroupeMidifyTest"/>
</testsuite> <!-- com.example.tests.GroupeMidifyTest -->
