<?xml version="1.0" encoding="UTF-8"?>
<!-- Generated by org.testng.reporters.JUnitReportReporter -->
<testsuite hostname="gazmeeva-s" name="com.example.tests.AdressCreateTest" tests="1" failures="0" timestamp="29 Dec 2014 12:22:56 GMT" time="5.738" errors="0">
  <testcase name="testAddressCreationwithValidData" time="5.738" classname="com.example.tests.AdressCreateTest"/>
</testsuite> <!-- com.example.tests.AdressCreateTest -->
