<?xml version="1.0" encoding="UTF-8"?>
<!-- Generated by org.testng.reporters.JUnitReportReporter -->
<testsuite hostname="gazmeeva-s" name="com.example.tests.AddressModifyTest" tests="1" failures="0" timestamp="29 Dec 2014 12:52:40 GMT" time="4.876" errors="0">
  <testcase name="modifyAddress" time="4.876" classname="com.example.tests.AddressModifyTest"/>
</testsuite> <!-- com.example.tests.AddressModifyTest -->
