<?xml version="1.0" encoding="UTF-8"?>
<!-- Generated by org.testng.reporters.JUnitReportReporter -->
<testsuite hostname="gazmeeva-s" name="com.example.tests.AddressRemoveTest" tests="5" failures="0" timestamp="30 Dec 2014 08:10:28 GMT" time="25.957" errors="0">
  <testcase name="deleteAddress" time="5.078" classname="com.example.tests.AddressRemoveTest"/>
  <testcase name="deleteAddress" time="5.305" classname="com.example.tests.AddressRemoveTest"/>
  <testcase name="deleteAddress" time="5.074" classname="com.example.tests.AddressRemoveTest"/>
  <testcase name="deleteAddress" time="5.225" classname="com.example.tests.AddressRemoveTest"/>
  <testcase name="deleteAddress" time="5.275" classname="com.example.tests.AddressRemoveTest"/>
</testsuite> <!-- com.example.tests.AddressRemoveTest -->
