<?xml version="1.0" encoding="UTF-8"?>
<!-- Generated by org.testng.reporters.JUnitReportReporter -->
<testsuite hostname="gazmeeva-s" name="com.example.tests.AddressRemoveTest" tests="2" failures="0" timestamp="26 Jan 2015 07:48:37 GMT" time="24.507" errors="0">
  <testcase name="deleteAddress" time="12.213" classname="com.example.tests.AddressRemoveTest"/>
  <testcase name="deleteAddress" time="12.294" classname="com.example.tests.AddressRemoveTest"/>
</testsuite> <!-- com.example.tests.AddressRemoveTest -->
