<?xml version="1.0" encoding="UTF-8"?>
<!-- Generated by org.testng.reporters.JUnitReportReporter -->
<testsuite hostname="gazmeeva-s" name="com.example.tests.AddressRemoveTest" tests="1" failures="0" timestamp="24 Dec 2014 12:06:09 GMT" time="5.110" errors="0">
  <testcase name="deleteAddress" time="5.110" classname="com.example.tests.AddressRemoveTest"/>
</testsuite> <!-- com.example.tests.AddressRemoveTest -->
