<?xml version="1.0" encoding="UTF-8"?>
<!-- Generated by org.testng.reporters.JUnitReportReporter -->
<testsuite hostname="Kolosov-PC" name="com.example.tests.GroupeCreationTests" tests="1" failures="0" timestamp="3 Jan 2015 14:07:54 GMT" time="3.296" errors="0">
  <testcase name="testGroupCreationwithValidData" time="3.296" classname="com.example.tests.GroupeCreationTests"/>
</testsuite> <!-- com.example.tests.GroupeCreationTests -->
