<?xml version="1.0" encoding="UTF-8"?>
<!-- Generated by org.testng.reporters.JUnitReportReporter -->
<testsuite hostname="gazmeeva-s" name="com.example.tests.AdressCreateTest" tests="2" failures="0" timestamp="26 Jan 2015 07:48:37 GMT" time="55.718" errors="0">
  <testcase name="testAddressCreationwithValidData" time="36.546" classname="com.example.tests.AdressCreateTest"/>
  <testcase name="testAddressCreationwithValidData" time="19.172" classname="com.example.tests.AdressCreateTest"/>
</testsuite> <!-- com.example.tests.AdressCreateTest -->
