<?xml version="1.0" encoding="UTF-8"?>
<!-- Generated by org.testng.reporters.JUnitReportReporter -->
<testsuite hostname="gazmeeva-s" name="com.example.tests.GroupeRemoveTest" tests="2" failures="0" timestamp="28 Jan 2015 09:46:09 GMT" time="6.211" errors="0">
  <testcase name="deleteGroup" time="2.908" classname="com.example.tests.GroupeRemoveTest"/>
  <testcase name="deleteGroup" time="3.303" classname="com.example.tests.GroupeRemoveTest"/>
</testsuite> <!-- com.example.tests.GroupeRemoveTest -->
