<?xml version="1.0" encoding="UTF-8"?>
<!-- Generated by org.testng.reporters.JUnitReportReporter -->
<testsuite hostname="gazmeeva-s" name="com.example.tests.AddressModifyTest" tests="1" failures="0" timestamp="29 Dec 2014 07:00:41 GMT" time="1.815" errors="0">
  <testcase name="modifyAddress" time="1.815" classname="com.example.tests.AddressModifyTest"/>
</testsuite> <!-- com.example.tests.AddressModifyTest -->
