<?xml version="1.0" encoding="UTF-8"?>
<!-- Generated by org.testng.reporters.JUnitReportReporter -->
<testsuite hostname="gazmeeva-s" name="com.example.tests.GroupeRemoveTest" tests="5" failures="0" timestamp="24 Dec 2014 13:52:40 GMT" time="28.007" errors="0">
  <testcase name="deleteGroup" time="5.067" classname="com.example.tests.GroupeRemoveTest"/>
  <testcase name="deleteGroup" time="5.581" classname="com.example.tests.GroupeRemoveTest"/>
  <testcase name="deleteGroup" time="8.264" classname="com.example.tests.GroupeRemoveTest"/>
  <testcase name="deleteGroup" time="3.902" classname="com.example.tests.GroupeRemoveTest"/>
  <testcase name="deleteGroup" time="5.193" classname="com.example.tests.GroupeRemoveTest"/>
</testsuite> <!-- com.example.tests.GroupeRemoveTest -->
