<?xml version="1.0" encoding="UTF-8"?>
<!-- Generated by org.testng.reporters.JUnitReportReporter -->
<testsuite hostname="gazmeeva-s" name="com.example.tests.GroupeMidifyTest" tests="2" failures="0" timestamp="26 Jan 2015 07:48:38 GMT" time="6.222" errors="0">
  <testcase name="modifyGroup" time="3.139" classname="com.example.tests.GroupeMidifyTest"/>
  <testcase name="modifyGroup" time="3.083" classname="com.example.tests.GroupeMidifyTest"/>
</testsuite> <!-- com.example.tests.GroupeMidifyTest -->
