<?xml version="1.0" encoding="UTF-8"?>
<!-- Generated by org.testng.reporters.JUnitReportReporter -->
<testsuite hostname="Kolosov-PC" name="com.example.tests.AddressModifyTest" tests="1" failures="0" timestamp="20 Dec 2014 21:09:52 GMT" time="1.744" errors="0">
  <testcase name="modifyAddress" time="1.744" classname="com.example.tests.AddressModifyTest"/>
</testsuite> <!-- com.example.tests.AddressModifyTest -->
