<?xml version="1.0" encoding="UTF-8"?>
<!-- Generated by org.testng.reporters.JUnitReportReporter -->
<testsuite hostname="Kolosov-PC" name="com.example.tests.GroupeRemoveTest" tests="1" failures="0" timestamp="20 Dec 2014 17:11:07 GMT" time="0.948" errors="0">
  <testcase name="deleteGroup" time="0.948" classname="com.example.tests.GroupeRemoveTest"/>
</testsuite> <!-- com.example.tests.GroupeRemoveTest -->
