<?xml version="1.0" encoding="UTF-8"?>
<!-- Generated by org.testng.reporters.JUnitReportReporter -->
<testsuite hostname="gazmeeva-s" name="com.example.tests.AddressModifyTest" tests="2" failures="0" timestamp="28 Jan 2015 09:46:09 GMT" time="45.364" errors="0">
  <testcase name="modifyAddress" time="22.825" classname="com.example.tests.AddressModifyTest"/>
  <testcase name="modifyAddress" time="22.539" classname="com.example.tests.AddressModifyTest"/>
</testsuite> <!-- com.example.tests.AddressModifyTest -->
