<?xml version="1.0" encoding="UTF-8"?>
<!-- Generated by org.testng.reporters.JUnitReportReporter -->
<testsuite hostname="Kolosov-PC" name="com.example.tests.AdressCreateTest" tests="5" failures="0" timestamp="6 Jan 2015 20:45:15 GMT" time="25.985" errors="0">
  <testcase name="testAddressCreationwithValidData" time="4.267" classname="com.example.tests.AdressCreateTest"/>
  <testcase name="testAddressCreationwithValidData" time="8.042" classname="com.example.tests.AdressCreateTest"/>
  <testcase name="testAddressCreationwithValidData" time="4.556" classname="com.example.tests.AdressCreateTest"/>
  <testcase name="testAddressCreationwithValidData" time="4.506" classname="com.example.tests.AdressCreateTest"/>
  <testcase name="testAddressCreationwithValidData" time="4.614" classname="com.example.tests.AdressCreateTest"/>
</testsuite> <!-- com.example.tests.AdressCreateTest -->
