<?xml version="1.0" encoding="UTF-8"?>
<!-- Generated by org.testng.reporters.JUnitReportReporter -->
<testsuite hostname="Kolosov-PC" name="com.example.tests.AdressCreateTest" tests="2" failures="0" timestamp="20 Dec 2014 21:09:40 GMT" time="4.176" errors="0">
  <testcase name="testEmptyPhoneCreation" time="1.912" classname="com.example.tests.AdressCreateTest"/>
  <testcase name="testNonEmptyPhoneCreation" time="2.264" classname="com.example.tests.AdressCreateTest"/>
</testsuite> <!-- com.example.tests.AdressCreateTest -->
